--------------------------------------------------------------------------------
Command:            ./clientX
Massif arguments:   (none)
ms_print arguments: massif.out.41618
--------------------------------------------------------------------------------


    MB
18.86^#                                                                       
     |#                                                                       
     |# ::   ::::                                                             
     |# ::   ::::                                                             
     |#::::@@:::::::::::::::::@::::::::::::::::::::::::@::::::@:::::@:::::@:::
     |#::::@ :::::::::::::::::@:: :::::::::::::::::::::@::::::@:::::@:::::@:::
     |#::::@ :::::::::::::::::@:: :::::::::::::::::::::@::::::@:::::@:::::@:::
     |#::::@ :::::::::::::::::@:: :::::::::::::::::::::@::::::@:::::@:::::@:::
     |#::::@ :::::::::::::::::@:: :::::::::::::::::::::@::::::@:::::@:::::@:::
     |#::::@ :::::::::::::::::@:: :::::::::::::::::::::@::::::@:::::@:::::@:::
     |#::::@ :::::::::::::::::@:: :::::::::::::::::::::@::::::@:::::@:::::@:::
     |#::::@ :::::::::::::::::@:: :::::::::::::::::::::@::::::@:::::@:::::@:::
     |#::::@ :::::::::::::::::@:: :::::::::::::::::::::@::::::@:::::@:::::@:::
     |#::::@ :::::::::::::::::@:: :::::::::::::::::::::@::::::@:::::@:::::@:::
     |#::::@ :::::::::::::::::@:: :::::::::::::::::::::@::::::@:::::@:::::@:::
     |#::::@ :::::::::::::::::@:: :::::::::::::::::::::@::::::@:::::@:::::@:::
     |#::::@ :::::::::::::::::@:: :::::::::::::::::::::@::::::@:::::@:::::@:::
     |#::::@ :::::::::::::::::@:: :::::::::::::::::::::@::::::@:::::@:::::@:::
     |#::::@ :::::::::::::::::@:: :::::::::::::::::::::@::::::@:::::@:::::@:::
     |#::::@ :::::::::::::::::@:: :::::::::::::::::::::@::::::@:::::@:::::@:::
   0 +----------------------------------------------------------------------->Gi
     0                                                                   39.85

Number of snapshots: 91
 Detailed snapshots: [1 (peak), 7, 26, 55, 65, 75, 85]

--------------------------------------------------------------------------------
  n        time(i)         total(B)   useful-heap(B) extra-heap(B)    stacks(B)
--------------------------------------------------------------------------------
  0              0                0                0             0            0
  1     84,748,005       19,775,416       19,609,948       165,468            0
99.16% (19,609,948B) (heap allocation functions) malloc/new/new[], --alloc-fns, etc.
->61.44% (12,150,695B) 0x124DCA: allocate (new_allocator.h:151)
| ->61.44% (12,150,695B) 0x124DCA: allocate (allocator.h:196)
|   ->61.44% (12,150,695B) 0x124DCA: allocate (alloc_traits.h:478)
|     ->61.44% (12,150,695B) 0x124DCA: _S_allocate (basic_string.h:131)
|       ->61.44% (12,150,695B) 0x124DCA: _M_create (basic_string.tcc:159)
|         ->61.44% (12,150,695B) 0x124DCA: std::__cxx11::basic_string<char, std::char_traits<char>, std::allocator<char> >::reserve(unsigned long) (basic_string.tcc:315)
|           ->27.26% (5,390,565B) 0x1320CA: void compressionLZ4::compress<std::__cxx11::basic_string<char, std::char_traits<char>, std::allocator<char> > >(std::__cxx11::basic_string<char, std::char_traits<char>, std::allocator<char> >&, std::__cxx11::basic_string<char, std::char_traits<char>, std::allocator<char> >&) (CompressionLZ4.h:23)
|           | ->27.26% (5,390,565B) 0x130A9A: std::basic_string_view<char, std::char_traits<char> > compressEncrypt<std::variant<std::shared_ptr<CryptoPlPl>, std::shared_ptr<CryptoSodium> >, std::__cxx11::basic_string<char, std::char_traits<char>, std::allocator<char> > >(std::variant<std::shared_ptr<CryptoPlPl>, std::shared_ptr<CryptoSodium> >&, std::__cxx11::basic_string<char, std::char_traits<char>, std::allocator<char> >&, std::tuple<HEADERTYPE, unsigned long, unsigned long, COMPRESSORS, DIAGNOSTICS, STATUS, unsigned long> const&, std::__cxx11::basic_string<char, std::char_traits<char>, std::allocator<char> >&, bool, int) (EncryptorTemplates.h:31)
|           |   ->27.26% (5,390,565B) 0x1305CB: TaskBuilder::compressEncryptSubtask(bool) (client_src/TaskBuilder.cpp:96)
|           |     ->27.26% (5,390,565B) 0x12FC2F: createSubtask (client_src/TaskBuilder.cpp:76)
|           |       ->27.26% (5,390,565B) 0x12FC2F: TaskBuilder::run() (???:25)
|           |         ->27.26% (5,390,565B) 0x193E66: operator() (common/ThreadPoolBase.cpp:69)
|           |           ->27.26% (5,390,565B) 0x193E66: __invoke_impl<void, (lambda at common/ThreadPoolBase.cpp:55:25)> (invoke.h:61)
|           |             ->27.26% (5,390,565B) 0x193E66: __invoke<(lambda at common/ThreadPoolBase.cpp:55:25)> (invoke.h:96)
|           |               ->27.26% (5,390,565B) 0x193E66: _M_invoke<0UL> (std_thread.h:301)
|           |                 ->27.26% (5,390,565B) 0x193E66: operator() (std_thread.h:308)
|           |                   ->27.26% (5,390,565B) 0x193E66: std::thread::_State_impl<std::thread::_Invoker<std::tuple<ThreadPoolBase::createThread()::$_0> > >::_M_run() (std_thread.h:253)
|           |                     ->27.26% (5,390,565B) 0x4EDBDB3: ??? (in /usr/lib/x86_64-linux-gnu/libstdc++.so.6.0.33)
|           |                       ->27.26% (5,390,565B) 0x5229E2D: start_thread (pthread_create.c:447)
|           |                         ->27.26% (5,390,565B) 0x52BB833: clone (clone.S:100)
|           |                           
|           ->19.01% (3,760,129B) 0x130311: TaskBuilder::copyRequestWithId(std::basic_string_view<char, std::char_traits<char> >, long) (client_src/TaskBuilder.cpp:56)
|           | ->19.01% (3,760,129B) 0x12FC04: createSubtask (client_src/TaskBuilder.cpp:73)
|           |   ->19.01% (3,760,129B) 0x12FC04: TaskBuilder::run() (???:25)
|           |     ->19.01% (3,760,129B) 0x193E66: operator() (common/ThreadPoolBase.cpp:69)
|           |       ->19.01% (3,760,129B) 0x193E66: __invoke_impl<void, (lambda at common/ThreadPoolBase.cpp:55:25)> (invoke.h:61)
|           |         ->19.01% (3,760,129B) 0x193E66: __invoke<(lambda at common/ThreadPoolBase.cpp:55:25)> (invoke.h:96)
|           |           ->19.01% (3,760,129B) 0x193E66: _M_invoke<0UL> (std_thread.h:301)
|           |             ->19.01% (3,760,129B) 0x193E66: operator() (std_thread.h:308)
|           |               ->19.01% (3,760,129B) 0x193E66: std::thread::_State_impl<std::thread::_Invoker<std::tuple<ThreadPoolBase::createThread()::$_0> > >::_M_run() (std_thread.h:253)
|           |                 ->19.01% (3,760,129B) 0x4EDBDB3: ??? (in /usr/lib/x86_64-linux-gnu/libstdc++.so.6.0.33)
|           |                   ->19.01% (3,760,129B) 0x5229E2D: start_thread (pthread_create.c:447)
|           |                     ->19.01% (3,760,129B) 0x52BB833: clone (clone.S:100)
|           |                       
|           ->15.17% (3,000,001B) 0x122BAC: Client::Client() (client_src/Client.cpp:17)
|           | ->15.17% (3,000,001B) 0x132EB3: tcp::TcpClient::TcpClient() (client_src/TcpClient.cpp:9)
|           |   ->15.17% (3,000,001B) 0x12B274: main (client_src/ClientMain.cpp:43)
|           |     
|           ->00.00% (0B) in 1+ places, all below ms_print's threshold (01.00%)
|           
->22.28% (4,405,095B) 0x129953: allocate (new_allocator.h:151)
| ->22.28% (4,405,095B) 0x129953: allocate (allocator.h:196)
|   ->22.28% (4,405,095B) 0x129953: allocate (alloc_traits.h:478)
|     ->22.28% (4,405,095B) 0x129953: _S_allocate (basic_string.h:131)
|       ->22.28% (4,405,095B) 0x129953: _M_create (basic_string.tcc:159)
|         ->22.28% (4,405,095B) 0x129953: std::__cxx11::basic_string<char, std::char_traits<char>, std::allocator<char> >::_M_mutate(unsigned long, unsigned long, char const*, unsigned long) (basic_string.tcc:332)
|           ->13.28% (2,625,839B) 0x160FD3: _M_replace_aux (basic_string.tcc:468)
|           | ->13.28% (2,625,839B) 0x160FD3: append (basic_string.h:1499)
|           |   ->13.28% (2,625,839B) 0x160FD3: resize (basic_string.tcc:405)
|           |     ->13.28% (2,625,839B) 0x160FD3: resize (basic_string.h:1119)
|           |       ->13.28% (2,625,839B) 0x160FD3: void utility::readFile<std::__cxx11::basic_string<char, std::char_traits<char>, std::allocator<char> > >(std::basic_string_view<char, std::char_traits<char> >, std::__cxx11::basic_string<char, std::char_traits<char>, std::allocator<char> >&) (Utility.h:98)
|           |         ->13.28% (2,625,839B) 0x18A422: FileLines2::FileLines2(std::basic_string_view<char, std::char_traits<char> >, char, bool) (common/FileLines2.cpp:15)
|           |         | ->13.28% (2,625,839B) 0x12FB9F: TaskBuilder::run() (client_src/TaskBuilder.cpp:24)
|           |         |   ->13.28% (2,625,839B) 0x193E66: operator() (common/ThreadPoolBase.cpp:69)
|           |         |     ->13.28% (2,625,839B) 0x193E66: __invoke_impl<void, (lambda at common/ThreadPoolBase.cpp:55:25)> (invoke.h:61)
|           |         |       ->13.28% (2,625,839B) 0x193E66: __invoke<(lambda at common/ThreadPoolBase.cpp:55:25)> (invoke.h:96)
|           |         |         ->13.28% (2,625,839B) 0x193E66: _M_invoke<0UL> (std_thread.h:301)
|           |         |           ->13.28% (2,625,839B) 0x193E66: operator() (std_thread.h:308)
|           |         |             ->13.28% (2,625,839B) 0x193E66: std::thread::_State_impl<std::thread::_Invoker<std::tuple<ThreadPoolBase::createThread()::$_0> > >::_M_run() (std_thread.h:253)
|           |         |               ->13.28% (2,625,839B) 0x4EDBDB3: ??? (in /usr/lib/x86_64-linux-gnu/libstdc++.so.6.0.33)
|           |         |                 ->13.28% (2,625,839B) 0x5229E2D: start_thread (pthread_create.c:447)
|           |         |                   ->13.28% (2,625,839B) 0x52BB833: clone (clone.S:100)
|           |         |                     
|           |         ->00.00% (0B) in 1+ places, all below ms_print's threshold (01.00%)
|           |         
|           ->08.66% (1,713,317B) 0x129807: std::__cxx11::basic_string<char, std::char_traits<char>, std::allocator<char> >::_M_replace(unsigned long, unsigned long, char const*, unsigned long) (basic_string.tcc:548)
|           | ->07.92% (1,565,382B) 0x130670: assign (basic_string.h:1678)
|           | | ->07.92% (1,565,382B) 0x130670: assign<std::basic_string_view<char, std::char_traits<char> > > (basic_string.h:1790)
|           | |   ->07.92% (1,565,382B) 0x130670: TaskBuilder::compressEncryptSubtask(bool) (???:101)
|           | |     ->07.92% (1,565,382B) 0x12FC2F: createSubtask (client_src/TaskBuilder.cpp:76)
|           | |       ->07.92% (1,565,382B) 0x12FC2F: TaskBuilder::run() (???:25)
|           | |         ->07.92% (1,565,382B) 0x193E66: operator() (common/ThreadPoolBase.cpp:69)
|           | |           ->07.92% (1,565,382B) 0x193E66: __invoke_impl<void, (lambda at common/ThreadPoolBase.cpp:55:25)> (invoke.h:61)
|           | |             ->07.92% (1,565,382B) 0x193E66: __invoke<(lambda at common/ThreadPoolBase.cpp:55:25)> (invoke.h:96)
|           | |               ->07.92% (1,565,382B) 0x193E66: _M_invoke<0UL> (std_thread.h:301)
|           | |                 ->07.92% (1,565,382B) 0x193E66: operator() (std_thread.h:308)
|           | |                   ->07.92% (1,565,382B) 0x193E66: std::thread::_State_impl<std::thread::_Invoker<std::tuple<ThreadPoolBase::createThread()::$_0> > >::_M_run() (std_thread.h:253)
|           | |                     ->07.92% (1,565,382B) 0x4EDBDB3: ??? (in /usr/lib/x86_64-linux-gnu/libstdc++.so.6.0.33)
|           | |                       ->07.92% (1,565,382B) 0x5229E2D: start_thread (pthread_create.c:447)
|           | |                         ->07.92% (1,565,382B) 0x52BB833: clone (clone.S:100)
|           | |                           
|           | ->00.75% (147,935B) in 1+ places, all below ms_print's threshold (01.00%)
|           | 
|           ->00.33% (65,939B) in 1+ places, all below ms_print's threshold (01.00%)
|           
->12.50% (2,472,053B) 0x18A976: allocate (new_allocator.h:151)
| ->12.50% (2,472,053B) 0x18A976: allocate (allocator.h:196)
|   ->12.50% (2,472,053B) 0x18A976: allocate (alloc_traits.h:478)
|     ->12.50% (2,472,053B) 0x18A976: _S_allocate (basic_string.h:131)
|       ->12.50% (2,472,053B) 0x18A976: _M_create (basic_string.tcc:159)
|         ->12.50% (2,472,053B) 0x18A976: _M_construct<const char *> (basic_string.tcc:229)
|           ->12.50% (2,472,053B) 0x18A976: basic_string<const char *, void> (basic_string.h:770)
|             ->12.50% (2,472,053B) 0x18A976: construct_at<std::__cxx11::basic_string<char, std::char_traits<char>, std::allocator<char> >, const char *, const char *> (stl_construct.h:97)
|               ->12.50% (2,472,053B) 0x18A976: construct<std::__cxx11::basic_string<char, std::char_traits<char>, std::allocator<char> >, const char *, const char *> (alloc_traits.h:536)
|                 ->12.50% (2,472,053B) 0x18A976: std::__cxx11::basic_string<char, std::char_traits<char>, std::allocator<char> >& std::deque<std::__cxx11::basic_string<char, std::char_traits<char>, std::allocator<char> >, std::allocator<std::__cxx11::basic_string<char, std::char_traits<char>, std::allocator<char> > > >::emplace_front<char const*, char const*>(char const*&&, char const*&&) (deque.tcc:145)
|                   ->12.50% (2,472,053B) 0x18A4D6: splitReversedOrder<std::deque<std::__cxx11::basic_string<char, std::char_traits<char>, std::allocator<char> >, std::allocator<std::__cxx11::basic_string<char, std::char_traits<char>, std::allocator<char> > > > > (Utility.h:54)
|                     ->12.50% (2,472,053B) 0x18A4D6: FileLines2::FileLines2(std::basic_string_view<char, std::char_traits<char> >, char, bool) (???:16)
|                       ->12.50% (2,472,053B) 0x12FB9F: TaskBuilder::run() (client_src/TaskBuilder.cpp:24)
|                         ->12.50% (2,472,053B) 0x193E66: operator() (common/ThreadPoolBase.cpp:69)
|                           ->12.50% (2,472,053B) 0x193E66: __invoke_impl<void, (lambda at common/ThreadPoolBase.cpp:55:25)> (invoke.h:61)
|                             ->12.50% (2,472,053B) 0x193E66: __invoke<(lambda at common/ThreadPoolBase.cpp:55:25)> (invoke.h:96)
|                               ->12.50% (2,472,053B) 0x193E66: _M_invoke<0UL> (std_thread.h:301)
|                                 ->12.50% (2,472,053B) 0x193E66: operator() (std_thread.h:308)
|                                   ->12.50% (2,472,053B) 0x193E66: std::thread::_State_impl<std::thread::_Invoker<std::tuple<ThreadPoolBase::createThread()::$_0> > >::_M_run() (std_thread.h:253)
|                                     ->12.50% (2,472,053B) 0x4EDBDB3: ??? (in /usr/lib/x86_64-linux-gnu/libstdc++.so.6.0.33)
|                                       ->12.50% (2,472,053B) 0x5229E2D: start_thread (pthread_create.c:447)
|                                         ->12.50% (2,472,053B) 0x52BB833: clone (clone.S:100)
|                                           
->01.62% (320,512B) 0x18AA77: allocate (new_allocator.h:151)
| ->01.62% (320,512B) 0x18AA77: allocate (allocator.h:196)
|   ->01.62% (320,512B) 0x18AA77: allocate (alloc_traits.h:478)
|     ->01.62% (320,512B) 0x18AA77: _M_allocate_node (stl_deque.h:583)
|       ->01.62% (320,512B) 0x18AA77: void std::deque<std::__cxx11::basic_string<char, std::char_traits<char>, std::allocator<char> >, std::allocator<std::__cxx11::basic_string<char, std::char_traits<char>, std::allocator<char> > > >::_M_push_front_aux<char const*, char const*>(char const*&&, char const*&&) (deque.tcc:536)
|         ->01.62% (320,512B) 0x18A99E: std::__cxx11::basic_string<char, std::char_traits<char>, std::allocator<char> >& std::deque<std::__cxx11::basic_string<char, std::char_traits<char>, std::allocator<char> >, std::allocator<std::__cxx11::basic_string<char, std::char_traits<char>, std::allocator<char> > > >::emplace_front<char const*, char const*>(char const*&&, char const*&&) (deque.tcc:151)
|           ->01.62% (320,512B) 0x18A4D6: splitReversedOrder<std::deque<std::__cxx11::basic_string<char, std::char_traits<char>, std::allocator<char> >, std::allocator<std::__cxx11::basic_string<char, std::char_traits<char>, std::allocator<char> > > > > (Utility.h:54)
|             ->01.62% (320,512B) 0x18A4D6: FileLines2::FileLines2(std::basic_string_view<char, std::char_traits<char> >, char, bool) (???:16)
|               ->01.62% (320,512B) 0x12FB9F: TaskBuilder::run() (client_src/TaskBuilder.cpp:24)
|                 ->01.62% (320,512B) 0x193E66: operator() (common/ThreadPoolBase.cpp:69)
|                   ->01.62% (320,512B) 0x193E66: __invoke_impl<void, (lambda at common/ThreadPoolBase.cpp:55:25)> (invoke.h:61)
|                     ->01.62% (320,512B) 0x193E66: __invoke<(lambda at common/ThreadPoolBase.cpp:55:25)> (invoke.h:96)
|                       ->01.62% (320,512B) 0x193E66: _M_invoke<0UL> (std_thread.h:301)
|                         ->01.62% (320,512B) 0x193E66: operator() (std_thread.h:308)
|                           ->01.62% (320,512B) 0x193E66: std::thread::_State_impl<std::thread::_Invoker<std::tuple<ThreadPoolBase::createThread()::$_0> > >::_M_run() (std_thread.h:253)
|                             ->01.62% (320,512B) 0x4EDBDB3: ??? (in /usr/lib/x86_64-linux-gnu/libstdc++.so.6.0.33)
|                               ->01.62% (320,512B) 0x5229E2D: start_thread (pthread_create.c:447)
|                                 ->01.62% (320,512B) 0x52BB833: clone (clone.S:100)
|                                   
->01.32% (261,593B) in 57 places, all below massif's threshold (1.00%)
  
--------------------------------------------------------------------------------
  n        time(i)         total(B)   useful-heap(B) extra-heap(B)    stacks(B)
--------------------------------------------------------------------------------
  2    710,713,560       16,659,496       16,654,174         5,322            0
  3  1,283,991,618       18,149,360       18,067,679        81,681            0
  4  1,844,897,747       18,150,048       18,068,328        81,720            0
  5  2,356,101,608       16,659,496       16,654,174         5,322            0
  6  2,730,039,451       16,659,496       16,654,174         5,322            0
  7  3,552,755,191       16,659,496       16,654,174         5,322            0
99.97% (16,654,174B) (heap allocation functions) malloc/new/new[], --alloc-fns, etc.
->72.94% (12,150,695B) 0x124DCA: allocate (new_allocator.h:151)
| ->72.94% (12,150,695B) 0x124DCA: allocate (allocator.h:196)
|   ->72.94% (12,150,695B) 0x124DCA: allocate (alloc_traits.h:478)
|     ->72.94% (12,150,695B) 0x124DCA: _S_allocate (basic_string.h:131)
|       ->72.94% (12,150,695B) 0x124DCA: _M_create (basic_string.tcc:159)
|         ->72.94% (12,150,695B) 0x124DCA: std::__cxx11::basic_string<char, std::char_traits<char>, std::allocator<char> >::reserve(unsigned long) (basic_string.tcc:315)
|           ->32.36% (5,390,565B) 0x1320CA: void compressionLZ4::compress<std::__cxx11::basic_string<char, std::char_traits<char>, std::allocator<char> > >(std::__cxx11::basic_string<char, std::char_traits<char>, std::allocator<char> >&, std::__cxx11::basic_string<char, std::char_traits<char>, std::allocator<char> >&) (CompressionLZ4.h:23)
|           | ->32.36% (5,390,565B) 0x130A9A: std::basic_string_view<char, std::char_traits<char> > compressEncrypt<std::variant<std::shared_ptr<CryptoPlPl>, std::shared_ptr<CryptoSodium> >, std::__cxx11::basic_string<char, std::char_traits<char>, std::allocator<char> > >(std::variant<std::shared_ptr<CryptoPlPl>, std::shared_ptr<CryptoSodium> >&, std::__cxx11::basic_string<char, std::char_traits<char>, std::allocator<char> >&, std::tuple<HEADERTYPE, unsigned long, unsigned long, COMPRESSORS, DIAGNOSTICS, STATUS, unsigned long> const&, std::__cxx11::basic_string<char, std::char_traits<char>, std::allocator<char> >&, bool, int) (EncryptorTemplates.h:31)
|           |   ->32.36% (5,390,565B) 0x1305CB: TaskBuilder::compressEncryptSubtask(bool) (client_src/TaskBuilder.cpp:96)
|           |     ->32.36% (5,390,565B) 0x12FC2F: createSubtask (client_src/TaskBuilder.cpp:76)
|           |       ->32.36% (5,390,565B) 0x12FC2F: TaskBuilder::run() (???:25)
|           |         ->32.36% (5,390,565B) 0x193E66: operator() (common/ThreadPoolBase.cpp:69)
|           |           ->32.36% (5,390,565B) 0x193E66: __invoke_impl<void, (lambda at common/ThreadPoolBase.cpp:55:25)> (invoke.h:61)
|           |             ->32.36% (5,390,565B) 0x193E66: __invoke<(lambda at common/ThreadPoolBase.cpp:55:25)> (invoke.h:96)
|           |               ->32.36% (5,390,565B) 0x193E66: _M_invoke<0UL> (std_thread.h:301)
|           |                 ->32.36% (5,390,565B) 0x193E66: operator() (std_thread.h:308)
|           |                   ->32.36% (5,390,565B) 0x193E66: std::thread::_State_impl<std::thread::_Invoker<std::tuple<ThreadPoolBase::createThread()::$_0> > >::_M_run() (std_thread.h:253)
|           |                     ->32.36% (5,390,565B) 0x4EDBDB3: ??? (in /usr/lib/x86_64-linux-gnu/libstdc++.so.6.0.33)
|           |                       ->32.36% (5,390,565B) 0x5229E2D: start_thread (pthread_create.c:447)
|           |                         ->32.36% (5,390,565B) 0x52BB833: clone (clone.S:100)
|           |                           
|           ->22.57% (3,760,129B) 0x130311: TaskBuilder::copyRequestWithId(std::basic_string_view<char, std::char_traits<char> >, long) (client_src/TaskBuilder.cpp:56)
|           | ->22.57% (3,760,129B) 0x12FC04: createSubtask (client_src/TaskBuilder.cpp:73)
|           |   ->22.57% (3,760,129B) 0x12FC04: TaskBuilder::run() (???:25)
|           |     ->22.57% (3,760,129B) 0x193E66: operator() (common/ThreadPoolBase.cpp:69)
|           |       ->22.57% (3,760,129B) 0x193E66: __invoke_impl<void, (lambda at common/ThreadPoolBase.cpp:55:25)> (invoke.h:61)
|           |         ->22.57% (3,760,129B) 0x193E66: __invoke<(lambda at common/ThreadPoolBase.cpp:55:25)> (invoke.h:96)
|           |           ->22.57% (3,760,129B) 0x193E66: _M_invoke<0UL> (std_thread.h:301)
|           |             ->22.57% (3,760,129B) 0x193E66: operator() (std_thread.h:308)
|           |               ->22.57% (3,760,129B) 0x193E66: std::thread::_State_impl<std::thread::_Invoker<std::tuple<ThreadPoolBase::createThread()::$_0> > >::_M_run() (std_thread.h:253)
|           |                 ->22.57% (3,760,129B) 0x4EDBDB3: ??? (in /usr/lib/x86_64-linux-gnu/libstdc++.so.6.0.33)
|           |                   ->22.57% (3,760,129B) 0x5229E2D: start_thread (pthread_create.c:447)
|           |                     ->22.57% (3,760,129B) 0x52BB833: clone (clone.S:100)
|           |                       
|           ->18.01% (3,000,001B) 0x122BAC: Client::Client() (client_src/Client.cpp:17)
|           | ->18.01% (3,000,001B) 0x132EB3: tcp::TcpClient::TcpClient() (client_src/TcpClient.cpp:9)
|           |   ->18.01% (3,000,001B) 0x12B274: main (client_src/ClientMain.cpp:43)
|           |     
|           ->00.00% (0B) in 1+ places, all below ms_print's threshold (01.00%)
|           
->26.44% (4,405,095B) 0x129953: allocate (new_allocator.h:151)
| ->26.44% (4,405,095B) 0x129953: allocate (allocator.h:196)
|   ->26.44% (4,405,095B) 0x129953: allocate (alloc_traits.h:478)
|     ->26.44% (4,405,095B) 0x129953: _S_allocate (basic_string.h:131)
|       ->26.44% (4,405,095B) 0x129953: _M_create (basic_string.tcc:159)
|         ->26.44% (4,405,095B) 0x129953: std::__cxx11::basic_string<char, std::char_traits<char>, std::allocator<char> >::_M_mutate(unsigned long, unsigned long, char const*, unsigned long) (basic_string.tcc:332)
|           ->15.76% (2,625,839B) 0x160FD3: _M_replace_aux (basic_string.tcc:468)
|           | ->15.76% (2,625,839B) 0x160FD3: append (basic_string.h:1499)
|           |   ->15.76% (2,625,839B) 0x160FD3: resize (basic_string.tcc:405)
|           |     ->15.76% (2,625,839B) 0x160FD3: resize (basic_string.h:1119)
|           |       ->15.76% (2,625,839B) 0x160FD3: void utility::readFile<std::__cxx11::basic_string<char, std::char_traits<char>, std::allocator<char> > >(std::basic_string_view<char, std::char_traits<char> >, std::__cxx11::basic_string<char, std::char_traits<char>, std::allocator<char> >&) (Utility.h:98)
|           |         ->15.76% (2,625,839B) 0x18A422: FileLines2::FileLines2(std::basic_string_view<char, std::char_traits<char> >, char, bool) (common/FileLines2.cpp:15)
|           |         | ->15.76% (2,625,839B) 0x12FB9F: TaskBuilder::run() (client_src/TaskBuilder.cpp:24)
|           |         |   ->15.76% (2,625,839B) 0x193E66: operator() (common/ThreadPoolBase.cpp:69)
|           |         |     ->15.76% (2,625,839B) 0x193E66: __invoke_impl<void, (lambda at common/ThreadPoolBase.cpp:55:25)> (invoke.h:61)
|           |         |       ->15.76% (2,625,839B) 0x193E66: __invoke<(lambda at common/ThreadPoolBase.cpp:55:25)> (invoke.h:96)
|           |         |         ->15.76% (2,625,839B) 0x193E66: _M_invoke<0UL> (std_thread.h:301)
|           |         |           ->15.76% (2,625,839B) 0x193E66: operator() (std_thread.h:308)
|           |         |             ->15.76% (2,625,839B) 0x193E66: std::thread::_State_impl<std::thread::_Invoker<std::tuple<ThreadPoolBase::createThread()::$_0> > >::_M_run() (std_thread.h:253)
|           |         |               ->15.76% (2,625,839B) 0x4EDBDB3: ??? (in /usr/lib/x86_64-linux-gnu/libstdc++.so.6.0.33)
|           |         |                 ->15.76% (2,625,839B) 0x5229E2D: start_thread (pthread_create.c:447)
|           |         |                   ->15.76% (2,625,839B) 0x52BB833: clone (clone.S:100)
|           |         |                     
|           |         ->00.00% (0B) in 1+ places, all below ms_print's threshold (01.00%)
|           |         
|           ->10.28% (1,713,317B) 0x129807: std::__cxx11::basic_string<char, std::char_traits<char>, std::allocator<char> >::_M_replace(unsigned long, unsigned long, char const*, unsigned long) (basic_string.tcc:548)
|           | ->09.40% (1,565,382B) 0x130670: assign (basic_string.h:1678)
|           | | ->09.40% (1,565,382B) 0x130670: assign<std::basic_string_view<char, std::char_traits<char> > > (basic_string.h:1790)
|           | |   ->09.40% (1,565,382B) 0x130670: TaskBuilder::compressEncryptSubtask(bool) (???:101)
|           | |     ->09.40% (1,565,382B) 0x12FC2F: createSubtask (client_src/TaskBuilder.cpp:76)
|           | |       ->09.40% (1,565,382B) 0x12FC2F: TaskBuilder::run() (???:25)
|           | |         ->09.40% (1,565,382B) 0x193E66: operator() (common/ThreadPoolBase.cpp:69)
|           | |           ->09.40% (1,565,382B) 0x193E66: __invoke_impl<void, (lambda at common/ThreadPoolBase.cpp:55:25)> (invoke.h:61)
|           | |             ->09.40% (1,565,382B) 0x193E66: __invoke<(lambda at common/ThreadPoolBase.cpp:55:25)> (invoke.h:96)
|           | |               ->09.40% (1,565,382B) 0x193E66: _M_invoke<0UL> (std_thread.h:301)
|           | |                 ->09.40% (1,565,382B) 0x193E66: operator() (std_thread.h:308)
|           | |                   ->09.40% (1,565,382B) 0x193E66: std::thread::_State_impl<std::thread::_Invoker<std::tuple<ThreadPoolBase::createThread()::$_0> > >::_M_run() (std_thread.h:253)
|           | |                     ->09.40% (1,565,382B) 0x4EDBDB3: ??? (in /usr/lib/x86_64-linux-gnu/libstdc++.so.6.0.33)
|           | |                       ->09.40% (1,565,382B) 0x5229E2D: start_thread (pthread_create.c:447)
|           | |                         ->09.40% (1,565,382B) 0x52BB833: clone (clone.S:100)
|           | |                           
|           | ->00.89% (147,935B) in 1+ places, all below ms_print's threshold (01.00%)
|           | 
|           ->00.40% (65,939B) in 1+ places, all below ms_print's threshold (01.00%)
|           
->00.59% (98,384B) in 1+ places, all below ms_print's threshold (01.00%)

--------------------------------------------------------------------------------
  n        time(i)         total(B)   useful-heap(B) extra-heap(B)    stacks(B)
--------------------------------------------------------------------------------
  8  4,188,448,513       16,659,496       16,654,174         5,322            0
  9  4,574,754,621       18,150,048       18,068,328        81,720            0
 10  5,023,479,207       18,149,784       18,068,086        81,698            0
 11  5,808,774,306       18,151,240       18,069,454        81,786            0
 12  6,481,874,527       18,150,048       18,068,328        81,720            0
 13  7,109,410,214       16,659,424       16,654,110         5,314            0
 14  7,635,995,414       16,668,152       16,662,792         5,360            0
 15  8,010,083,477       16,663,280       16,657,719         5,561            0
 16  8,533,619,080       16,659,912       16,654,582         5,330            0
 17  9,356,292,368       16,668,696       16,662,882         5,814            0
 18  9,879,811,474       16,676,912       16,670,681         6,231            0
 19 10,478,119,170       16,685,008       16,678,342         6,666            0
 20 10,852,059,629       16,686,808       16,680,040         6,768            0
 21 11,412,967,900       16,687,168       16,680,390         6,778            0
 22 12,086,057,953       16,673,432       16,667,408         6,024            0
 23 12,871,343,883       16,659,424       16,654,110         5,314            0
 24 13,432,277,365       16,660,784       16,655,392         5,392            0
 25 14,105,367,223       16,661,792       16,656,337         5,455            0
 26 14,666,275,607       16,665,528       16,659,875         5,653            0
99.97% (16,659,875B) (heap allocation functions) malloc/new/new[], --alloc-fns, etc.
->72.91% (12,150,695B) 0x124DCA: allocate (new_allocator.h:151)
| ->72.91% (12,150,695B) 0x124DCA: allocate (allocator.h:196)
|   ->72.91% (12,150,695B) 0x124DCA: allocate (alloc_traits.h:478)
|     ->72.91% (12,150,695B) 0x124DCA: _S_allocate (basic_string.h:131)
|       ->72.91% (12,150,695B) 0x124DCA: _M_create (basic_string.tcc:159)
|         ->72.91% (12,150,695B) 0x124DCA: std::__cxx11::basic_string<char, std::char_traits<char>, std::allocator<char> >::reserve(unsigned long) (basic_string.tcc:315)
|           ->32.35% (5,390,565B) 0x1320CA: void compressionLZ4::compress<std::__cxx11::basic_string<char, std::char_traits<char>, std::allocator<char> > >(std::__cxx11::basic_string<char, std::char_traits<char>, std::allocator<char> >&, std::__cxx11::basic_string<char, std::char_traits<char>, std::allocator<char> >&) (CompressionLZ4.h:23)
|           | ->32.35% (5,390,565B) 0x130A9A: std::basic_string_view<char, std::char_traits<char> > compressEncrypt<std::variant<std::shared_ptr<CryptoPlPl>, std::shared_ptr<CryptoSodium> >, std::__cxx11::basic_string<char, std::char_traits<char>, std::allocator<char> > >(std::variant<std::shared_ptr<CryptoPlPl>, std::shared_ptr<CryptoSodium> >&, std::__cxx11::basic_string<char, std::char_traits<char>, std::allocator<char> >&, std::tuple<HEADERTYPE, unsigned long, unsigned long, COMPRESSORS, DIAGNOSTICS, STATUS, unsigned long> const&, std::__cxx11::basic_string<char, std::char_traits<char>, std::allocator<char> >&, bool, int) (EncryptorTemplates.h:31)
|           |   ->32.35% (5,390,565B) 0x1305CB: TaskBuilder::compressEncryptSubtask(bool) (client_src/TaskBuilder.cpp:96)
|           |     ->32.35% (5,390,565B) 0x12FC2F: createSubtask (client_src/TaskBuilder.cpp:76)
|           |       ->32.35% (5,390,565B) 0x12FC2F: TaskBuilder::run() (???:25)
|           |         ->32.35% (5,390,565B) 0x193E66: operator() (common/ThreadPoolBase.cpp:69)
|           |           ->32.35% (5,390,565B) 0x193E66: __invoke_impl<void, (lambda at common/ThreadPoolBase.cpp:55:25)> (invoke.h:61)
|           |             ->32.35% (5,390,565B) 0x193E66: __invoke<(lambda at common/ThreadPoolBase.cpp:55:25)> (invoke.h:96)
|           |               ->32.35% (5,390,565B) 0x193E66: _M_invoke<0UL> (std_thread.h:301)
|           |                 ->32.35% (5,390,565B) 0x193E66: operator() (std_thread.h:308)
|           |                   ->32.35% (5,390,565B) 0x193E66: std::thread::_State_impl<std::thread::_Invoker<std::tuple<ThreadPoolBase::createThread()::$_0> > >::_M_run() (std_thread.h:253)
|           |                     ->32.35% (5,390,565B) 0x4EDBDB3: ??? (in /usr/lib/x86_64-linux-gnu/libstdc++.so.6.0.33)
|           |                       ->32.35% (5,390,565B) 0x5229E2D: start_thread (pthread_create.c:447)
|           |                         ->32.35% (5,390,565B) 0x52BB833: clone (clone.S:100)
|           |                           
|           ->22.56% (3,760,129B) 0x130311: TaskBuilder::copyRequestWithId(std::basic_string_view<char, std::char_traits<char> >, long) (client_src/TaskBuilder.cpp:56)
|           | ->22.56% (3,760,129B) 0x12FC04: createSubtask (client_src/TaskBuilder.cpp:73)
|           |   ->22.56% (3,760,129B) 0x12FC04: TaskBuilder::run() (???:25)
|           |     ->22.56% (3,760,129B) 0x193E66: operator() (common/ThreadPoolBase.cpp:69)
|           |       ->22.56% (3,760,129B) 0x193E66: __invoke_impl<void, (lambda at common/ThreadPoolBase.cpp:55:25)> (invoke.h:61)
|           |         ->22.56% (3,760,129B) 0x193E66: __invoke<(lambda at common/ThreadPoolBase.cpp:55:25)> (invoke.h:96)
|           |           ->22.56% (3,760,129B) 0x193E66: _M_invoke<0UL> (std_thread.h:301)
|           |             ->22.56% (3,760,129B) 0x193E66: operator() (std_thread.h:308)
|           |               ->22.56% (3,760,129B) 0x193E66: std::thread::_State_impl<std::thread::_Invoker<std::tuple<ThreadPoolBase::createThread()::$_0> > >::_M_run() (std_thread.h:253)
|           |                 ->22.56% (3,760,129B) 0x4EDBDB3: ??? (in /usr/lib/x86_64-linux-gnu/libstdc++.so.6.0.33)
|           |                   ->22.56% (3,760,129B) 0x5229E2D: start_thread (pthread_create.c:447)
|           |                     ->22.56% (3,760,129B) 0x52BB833: clone (clone.S:100)
|           |                       
|           ->18.00% (3,000,001B) 0x122BAC: Client::Client() (client_src/Client.cpp:17)
|           | ->18.00% (3,000,001B) 0x132EB3: tcp::TcpClient::TcpClient() (client_src/TcpClient.cpp:9)
|           |   ->18.00% (3,000,001B) 0x12B274: main (client_src/ClientMain.cpp:43)
|           |     
|           ->00.00% (0B) in 1+ places, all below ms_print's threshold (01.00%)
|           
->26.43% (4,405,095B) 0x129953: allocate (new_allocator.h:151)
| ->26.43% (4,405,095B) 0x129953: allocate (allocator.h:196)
|   ->26.43% (4,405,095B) 0x129953: allocate (alloc_traits.h:478)
|     ->26.43% (4,405,095B) 0x129953: _S_allocate (basic_string.h:131)
|       ->26.43% (4,405,095B) 0x129953: _M_create (basic_string.tcc:159)
|         ->26.43% (4,405,095B) 0x129953: std::__cxx11::basic_string<char, std::char_traits<char>, std::allocator<char> >::_M_mutate(unsigned long, unsigned long, char const*, unsigned long) (basic_string.tcc:332)
|           ->15.76% (2,625,839B) 0x160FD3: _M_replace_aux (basic_string.tcc:468)
|           | ->15.76% (2,625,839B) 0x160FD3: append (basic_string.h:1499)
|           |   ->15.76% (2,625,839B) 0x160FD3: resize (basic_string.tcc:405)
|           |     ->15.76% (2,625,839B) 0x160FD3: resize (basic_string.h:1119)
|           |       ->15.76% (2,625,839B) 0x160FD3: void utility::readFile<std::__cxx11::basic_string<char, std::char_traits<char>, std::allocator<char> > >(std::basic_string_view<char, std::char_traits<char> >, std::__cxx11::basic_string<char, std::char_traits<char>, std::allocator<char> >&) (Utility.h:98)
|           |         ->15.76% (2,625,839B) 0x18A422: FileLines2::FileLines2(std::basic_string_view<char, std::char_traits<char> >, char, bool) (common/FileLines2.cpp:15)
|           |         | ->15.76% (2,625,839B) 0x12FB9F: TaskBuilder::run() (client_src/TaskBuilder.cpp:24)
|           |         |   ->15.76% (2,625,839B) 0x193E66: operator() (common/ThreadPoolBase.cpp:69)
|           |         |     ->15.76% (2,625,839B) 0x193E66: __invoke_impl<void, (lambda at common/ThreadPoolBase.cpp:55:25)> (invoke.h:61)
|           |         |       ->15.76% (2,625,839B) 0x193E66: __invoke<(lambda at common/ThreadPoolBase.cpp:55:25)> (invoke.h:96)
|           |         |         ->15.76% (2,625,839B) 0x193E66: _M_invoke<0UL> (std_thread.h:301)
|           |         |           ->15.76% (2,625,839B) 0x193E66: operator() (std_thread.h:308)
|           |         |             ->15.76% (2,625,839B) 0x193E66: std::thread::_State_impl<std::thread::_Invoker<std::tuple<ThreadPoolBase::createThread()::$_0> > >::_M_run() (std_thread.h:253)
|           |         |               ->15.76% (2,625,839B) 0x4EDBDB3: ??? (in /usr/lib/x86_64-linux-gnu/libstdc++.so.6.0.33)
|           |         |                 ->15.76% (2,625,839B) 0x5229E2D: start_thread (pthread_create.c:447)
|           |         |                   ->15.76% (2,625,839B) 0x52BB833: clone (clone.S:100)
|           |         |                     
|           |         ->00.00% (0B) in 1+ places, all below ms_print's threshold (01.00%)
|           |         
|           ->10.28% (1,713,317B) 0x129807: std::__cxx11::basic_string<char, std::char_traits<char>, std::allocator<char> >::_M_replace(unsigned long, unsigned long, char const*, unsigned long) (basic_string.tcc:548)
|           | ->09.39% (1,565,382B) 0x130670: assign (basic_string.h:1678)
|           | | ->09.39% (1,565,382B) 0x130670: assign<std::basic_string_view<char, std::char_traits<char> > > (basic_string.h:1790)
|           | |   ->09.39% (1,565,382B) 0x130670: TaskBuilder::compressEncryptSubtask(bool) (???:101)
|           | |     ->09.39% (1,565,382B) 0x12FC2F: createSubtask (client_src/TaskBuilder.cpp:76)
|           | |       ->09.39% (1,565,382B) 0x12FC2F: TaskBuilder::run() (???:25)
|           | |         ->09.39% (1,565,382B) 0x193E66: operator() (common/ThreadPoolBase.cpp:69)
|           | |           ->09.39% (1,565,382B) 0x193E66: __invoke_impl<void, (lambda at common/ThreadPoolBase.cpp:55:25)> (invoke.h:61)
|           | |             ->09.39% (1,565,382B) 0x193E66: __invoke<(lambda at common/ThreadPoolBase.cpp:55:25)> (invoke.h:96)
|           | |               ->09.39% (1,565,382B) 0x193E66: _M_invoke<0UL> (std_thread.h:301)
|           | |                 ->09.39% (1,565,382B) 0x193E66: operator() (std_thread.h:308)
|           | |                   ->09.39% (1,565,382B) 0x193E66: std::thread::_State_impl<std::thread::_Invoker<std::tuple<ThreadPoolBase::createThread()::$_0> > >::_M_run() (std_thread.h:253)
|           | |                     ->09.39% (1,565,382B) 0x4EDBDB3: ??? (in /usr/lib/x86_64-linux-gnu/libstdc++.so.6.0.33)
|           | |                       ->09.39% (1,565,382B) 0x5229E2D: start_thread (pthread_create.c:447)
|           | |                         ->09.39% (1,565,382B) 0x52BB833: clone (clone.S:100)
|           | |                           
|           | ->00.89% (147,935B) in 1+ places, all below ms_print's threshold (01.00%)
|           | 
|           ->00.40% (65,939B) in 1+ places, all below ms_print's threshold (01.00%)
|           
->00.62% (104,085B) in 1+ places, all below ms_print's threshold (01.00%)

--------------------------------------------------------------------------------
  n        time(i)         total(B)   useful-heap(B) extra-heap(B)    stacks(B)
--------------------------------------------------------------------------------
 27 15,339,365,467       16,667,624       16,661,872         5,752            0
 28 15,900,273,503       16,668,416       16,662,619         5,797            0
 29 16,685,587,850       16,659,912       16,654,582         5,330            0
 30 17,358,702,925       16,659,912       16,654,582         5,330            0
 31 17,807,439,770       16,659,424       16,654,110         5,314            0
 32 18,256,166,183       16,661,280       16,655,859         5,421            0
 33 18,704,892,805       16,662,536       16,657,020         5,516            0
 34 19,153,619,323       16,664,088       16,658,494         5,594            0
 35 19,602,345,966       16,665,776       16,660,111         5,665            0
 36 20,051,072,499       16,666,072       16,660,399         5,673            0
 37 20,499,799,052       16,664,608       16,659,006         5,602            0
 38 21,172,888,837       16,666,072       16,660,399         5,673            0
 39 21,846,023,728       16,659,912       16,654,582         5,330            0
 40 22,294,775,954       16,659,960       16,654,622         5,338            0
 41 22,967,890,702       16,659,912       16,654,582         5,330            0
 42 23,416,628,061       16,659,912       16,654,582         5,330            0
 43 24,089,718,146       16,661,512       16,656,080         5,432            0
 44 24,762,832,112       16,659,912       16,654,582         5,330            0
 45 25,211,607,844       16,659,912       16,654,582         5,330            0
 46 25,884,697,927       16,659,960       16,654,622         5,338            0
 47 26,333,424,599       16,659,960       16,654,622         5,338            0
 48 27,006,514,490       16,662,336       16,656,839         5,497            0
 49 27,455,241,023       16,663,032       16,657,484         5,548            0
 50 27,829,178,931       16,665,248       16,659,611         5,637            0
 51 28,203,116,955       16,662,536       16,657,020         5,516            0
 52 28,577,054,881       16,661,792       16,656,337         5,455            0
 53 28,950,992,883       16,660,504       16,655,131         5,373            0
 54 29,324,965,069       16,659,912       16,654,582         5,330            0
 55 29,698,903,097       16,659,912       16,654,582         5,330            0
99.97% (16,654,582B) (heap allocation functions) malloc/new/new[], --alloc-fns, etc.
->72.93% (12,150,695B) 0x124DCA: allocate (new_allocator.h:151)
| ->72.93% (12,150,695B) 0x124DCA: allocate (allocator.h:196)
|   ->72.93% (12,150,695B) 0x124DCA: allocate (alloc_traits.h:478)
|     ->72.93% (12,150,695B) 0x124DCA: _S_allocate (basic_string.h:131)
|       ->72.93% (12,150,695B) 0x124DCA: _M_create (basic_string.tcc:159)
|         ->72.93% (12,150,695B) 0x124DCA: std::__cxx11::basic_string<char, std::char_traits<char>, std::allocator<char> >::reserve(unsigned long) (basic_string.tcc:315)
|           ->32.36% (5,390,565B) 0x1320CA: void compressionLZ4::compress<std::__cxx11::basic_string<char, std::char_traits<char>, std::allocator<char> > >(std::__cxx11::basic_string<char, std::char_traits<char>, std::allocator<char> >&, std::__cxx11::basic_string<char, std::char_traits<char>, std::allocator<char> >&) (CompressionLZ4.h:23)
|           | ->32.36% (5,390,565B) 0x130A9A: std::basic_string_view<char, std::char_traits<char> > compressEncrypt<std::variant<std::shared_ptr<CryptoPlPl>, std::shared_ptr<CryptoSodium> >, std::__cxx11::basic_string<char, std::char_traits<char>, std::allocator<char> > >(std::variant<std::shared_ptr<CryptoPlPl>, std::shared_ptr<CryptoSodium> >&, std::__cxx11::basic_string<char, std::char_traits<char>, std::allocator<char> >&, std::tuple<HEADERTYPE, unsigned long, unsigned long, COMPRESSORS, DIAGNOSTICS, STATUS, unsigned long> const&, std::__cxx11::basic_string<char, std::char_traits<char>, std::allocator<char> >&, bool, int) (EncryptorTemplates.h:31)
|           |   ->32.36% (5,390,565B) 0x1305CB: TaskBuilder::compressEncryptSubtask(bool) (client_src/TaskBuilder.cpp:96)
|           |     ->32.36% (5,390,565B) 0x12FC2F: createSubtask (client_src/TaskBuilder.cpp:76)
|           |       ->32.36% (5,390,565B) 0x12FC2F: TaskBuilder::run() (???:25)
|           |         ->32.36% (5,390,565B) 0x193E66: operator() (common/ThreadPoolBase.cpp:69)
|           |           ->32.36% (5,390,565B) 0x193E66: __invoke_impl<void, (lambda at common/ThreadPoolBase.cpp:55:25)> (invoke.h:61)
|           |             ->32.36% (5,390,565B) 0x193E66: __invoke<(lambda at common/ThreadPoolBase.cpp:55:25)> (invoke.h:96)
|           |               ->32.36% (5,390,565B) 0x193E66: _M_invoke<0UL> (std_thread.h:301)
|           |                 ->32.36% (5,390,565B) 0x193E66: operator() (std_thread.h:308)
|           |                   ->32.36% (5,390,565B) 0x193E66: std::thread::_State_impl<std::thread::_Invoker<std::tuple<ThreadPoolBase::createThread()::$_0> > >::_M_run() (std_thread.h:253)
|           |                     ->32.36% (5,390,565B) 0x4EDBDB3: ??? (in /usr/lib/x86_64-linux-gnu/libstdc++.so.6.0.33)
|           |                       ->32.36% (5,390,565B) 0x5229E2D: start_thread (pthread_create.c:447)
|           |                         ->32.36% (5,390,565B) 0x52BB833: clone (clone.S:100)
|           |                           
|           ->22.57% (3,760,129B) 0x130311: TaskBuilder::copyRequestWithId(std::basic_string_view<char, std::char_traits<char> >, long) (client_src/TaskBuilder.cpp:56)
|           | ->22.57% (3,760,129B) 0x12FC04: createSubtask (client_src/TaskBuilder.cpp:73)
|           |   ->22.57% (3,760,129B) 0x12FC04: TaskBuilder::run() (???:25)
|           |     ->22.57% (3,760,129B) 0x193E66: operator() (common/ThreadPoolBase.cpp:69)
|           |       ->22.57% (3,760,129B) 0x193E66: __invoke_impl<void, (lambda at common/ThreadPoolBase.cpp:55:25)> (invoke.h:61)
|           |         ->22.57% (3,760,129B) 0x193E66: __invoke<(lambda at common/ThreadPoolBase.cpp:55:25)> (invoke.h:96)
|           |           ->22.57% (3,760,129B) 0x193E66: _M_invoke<0UL> (std_thread.h:301)
|           |             ->22.57% (3,760,129B) 0x193E66: operator() (std_thread.h:308)
|           |               ->22.57% (3,760,129B) 0x193E66: std::thread::_State_impl<std::thread::_Invoker<std::tuple<ThreadPoolBase::createThread()::$_0> > >::_M_run() (std_thread.h:253)
|           |                 ->22.57% (3,760,129B) 0x4EDBDB3: ??? (in /usr/lib/x86_64-linux-gnu/libstdc++.so.6.0.33)
|           |                   ->22.57% (3,760,129B) 0x5229E2D: start_thread (pthread_create.c:447)
|           |                     ->22.57% (3,760,129B) 0x52BB833: clone (clone.S:100)
|           |                       
|           ->18.01% (3,000,001B) 0x122BAC: Client::Client() (client_src/Client.cpp:17)
|           | ->18.01% (3,000,001B) 0x132EB3: tcp::TcpClient::TcpClient() (client_src/TcpClient.cpp:9)
|           |   ->18.01% (3,000,001B) 0x12B274: main (client_src/ClientMain.cpp:43)
|           |     
|           ->00.00% (0B) in 1+ places, all below ms_print's threshold (01.00%)
|           
->26.44% (4,405,095B) 0x129953: allocate (new_allocator.h:151)
| ->26.44% (4,405,095B) 0x129953: allocate (allocator.h:196)
|   ->26.44% (4,405,095B) 0x129953: allocate (alloc_traits.h:478)
|     ->26.44% (4,405,095B) 0x129953: _S_allocate (basic_string.h:131)
|       ->26.44% (4,405,095B) 0x129953: _M_create (basic_string.tcc:159)
|         ->26.44% (4,405,095B) 0x129953: std::__cxx11::basic_string<char, std::char_traits<char>, std::allocator<char> >::_M_mutate(unsigned long, unsigned long, char const*, unsigned long) (basic_string.tcc:332)
|           ->15.76% (2,625,839B) 0x160FD3: _M_replace_aux (basic_string.tcc:468)
|           | ->15.76% (2,625,839B) 0x160FD3: append (basic_string.h:1499)
|           |   ->15.76% (2,625,839B) 0x160FD3: resize (basic_string.tcc:405)
|           |     ->15.76% (2,625,839B) 0x160FD3: resize (basic_string.h:1119)
|           |       ->15.76% (2,625,839B) 0x160FD3: void utility::readFile<std::__cxx11::basic_string<char, std::char_traits<char>, std::allocator<char> > >(std::basic_string_view<char, std::char_traits<char> >, std::__cxx11::basic_string<char, std::char_traits<char>, std::allocator<char> >&) (Utility.h:98)
|           |         ->15.76% (2,625,839B) 0x18A422: FileLines2::FileLines2(std::basic_string_view<char, std::char_traits<char> >, char, bool) (common/FileLines2.cpp:15)
|           |         | ->15.76% (2,625,839B) 0x12FB9F: TaskBuilder::run() (client_src/TaskBuilder.cpp:24)
|           |         |   ->15.76% (2,625,839B) 0x193E66: operator() (common/ThreadPoolBase.cpp:69)
|           |         |     ->15.76% (2,625,839B) 0x193E66: __invoke_impl<void, (lambda at common/ThreadPoolBase.cpp:55:25)> (invoke.h:61)
|           |         |       ->15.76% (2,625,839B) 0x193E66: __invoke<(lambda at common/ThreadPoolBase.cpp:55:25)> (invoke.h:96)
|           |         |         ->15.76% (2,625,839B) 0x193E66: _M_invoke<0UL> (std_thread.h:301)
|           |         |           ->15.76% (2,625,839B) 0x193E66: operator() (std_thread.h:308)
|           |         |             ->15.76% (2,625,839B) 0x193E66: std::thread::_State_impl<std::thread::_Invoker<std::tuple<ThreadPoolBase::createThread()::$_0> > >::_M_run() (std_thread.h:253)
|           |         |               ->15.76% (2,625,839B) 0x4EDBDB3: ??? (in /usr/lib/x86_64-linux-gnu/libstdc++.so.6.0.33)
|           |         |                 ->15.76% (2,625,839B) 0x5229E2D: start_thread (pthread_create.c:447)
|           |         |                   ->15.76% (2,625,839B) 0x52BB833: clone (clone.S:100)
|           |         |                     
|           |         ->00.00% (0B) in 1+ places, all below ms_print's threshold (01.00%)
|           |         
|           ->10.28% (1,713,317B) 0x129807: std::__cxx11::basic_string<char, std::char_traits<char>, std::allocator<char> >::_M_replace(unsigned long, unsigned long, char const*, unsigned long) (basic_string.tcc:548)
|           | ->09.40% (1,565,382B) 0x130670: assign (basic_string.h:1678)
|           | | ->09.40% (1,565,382B) 0x130670: assign<std::basic_string_view<char, std::char_traits<char> > > (basic_string.h:1790)
|           | |   ->09.40% (1,565,382B) 0x130670: TaskBuilder::compressEncryptSubtask(bool) (???:101)
|           | |     ->09.40% (1,565,382B) 0x12FC2F: createSubtask (client_src/TaskBuilder.cpp:76)
|           | |       ->09.40% (1,565,382B) 0x12FC2F: TaskBuilder::run() (???:25)
|           | |         ->09.40% (1,565,382B) 0x193E66: operator() (common/ThreadPoolBase.cpp:69)
|           | |           ->09.40% (1,565,382B) 0x193E66: __invoke_impl<void, (lambda at common/ThreadPoolBase.cpp:55:25)> (invoke.h:61)
|           | |             ->09.40% (1,565,382B) 0x193E66: __invoke<(lambda at common/ThreadPoolBase.cpp:55:25)> (invoke.h:96)
|           | |               ->09.40% (1,565,382B) 0x193E66: _M_invoke<0UL> (std_thread.h:301)
|           | |                 ->09.40% (1,565,382B) 0x193E66: operator() (std_thread.h:308)
|           | |                   ->09.40% (1,565,382B) 0x193E66: std::thread::_State_impl<std::thread::_Invoker<std::tuple<ThreadPoolBase::createThread()::$_0> > >::_M_run() (std_thread.h:253)
|           | |                     ->09.40% (1,565,382B) 0x4EDBDB3: ??? (in /usr/lib/x86_64-linux-gnu/libstdc++.so.6.0.33)
|           | |                       ->09.40% (1,565,382B) 0x5229E2D: start_thread (pthread_create.c:447)
|           | |                         ->09.40% (1,565,382B) 0x52BB833: clone (clone.S:100)
|           | |                           
|           | ->00.89% (147,935B) in 1+ places, all below ms_print's threshold (01.00%)
|           | 
|           ->00.40% (65,939B) in 1+ places, all below ms_print's threshold (01.00%)
|           
->00.59% (98,792B) in 1+ places, all below ms_print's threshold (01.00%)

--------------------------------------------------------------------------------
  n        time(i)         total(B)   useful-heap(B) extra-heap(B)    stacks(B)
--------------------------------------------------------------------------------
 56 30,072,842,191       16,659,912       16,654,582         5,330            0
 57 30,446,780,987       16,659,912       16,654,582         5,330            0
 58 30,820,719,723       16,659,912       16,654,582         5,330            0
 59 31,194,709,023       16,659,912       16,654,582         5,330            0
 60 31,568,647,224       16,659,960       16,654,622         5,338            0
 61 31,942,585,213       16,659,912       16,654,582         5,330            0
 62 32,316,523,113       16,659,912       16,654,582         5,330            0
 63 32,690,486,792       16,659,912       16,654,582         5,330            0
 64 33,064,424,890       16,659,912       16,654,582         5,330            0
 65 33,438,363,695       16,659,912       16,654,582         5,330            0
99.97% (16,654,582B) (heap allocation functions) malloc/new/new[], --alloc-fns, etc.
->72.93% (12,150,695B) 0x124DCA: allocate (new_allocator.h:151)
| ->72.93% (12,150,695B) 0x124DCA: allocate (allocator.h:196)
|   ->72.93% (12,150,695B) 0x124DCA: allocate (alloc_traits.h:478)
|     ->72.93% (12,150,695B) 0x124DCA: _S_allocate (basic_string.h:131)
|       ->72.93% (12,150,695B) 0x124DCA: _M_create (basic_string.tcc:159)
|         ->72.93% (12,150,695B) 0x124DCA: std::__cxx11::basic_string<char, std::char_traits<char>, std::allocator<char> >::reserve(unsigned long) (basic_string.tcc:315)
|           ->32.36% (5,390,565B) 0x1320CA: void compressionLZ4::compress<std::__cxx11::basic_string<char, std::char_traits<char>, std::allocator<char> > >(std::__cxx11::basic_string<char, std::char_traits<char>, std::allocator<char> >&, std::__cxx11::basic_string<char, std::char_traits<char>, std::allocator<char> >&) (CompressionLZ4.h:23)
|           | ->32.36% (5,390,565B) 0x130A9A: std::basic_string_view<char, std::char_traits<char> > compressEncrypt<std::variant<std::shared_ptr<CryptoPlPl>, std::shared_ptr<CryptoSodium> >, std::__cxx11::basic_string<char, std::char_traits<char>, std::allocator<char> > >(std::variant<std::shared_ptr<CryptoPlPl>, std::shared_ptr<CryptoSodium> >&, std::__cxx11::basic_string<char, std::char_traits<char>, std::allocator<char> >&, std::tuple<HEADERTYPE, unsigned long, unsigned long, COMPRESSORS, DIAGNOSTICS, STATUS, unsigned long> const&, std::__cxx11::basic_string<char, std::char_traits<char>, std::allocator<char> >&, bool, int) (EncryptorTemplates.h:31)
|           |   ->32.36% (5,390,565B) 0x1305CB: TaskBuilder::compressEncryptSubtask(bool) (client_src/TaskBuilder.cpp:96)
|           |     ->32.36% (5,390,565B) 0x12FC2F: createSubtask (client_src/TaskBuilder.cpp:76)
|           |       ->32.36% (5,390,565B) 0x12FC2F: TaskBuilder::run() (???:25)
|           |         ->32.36% (5,390,565B) 0x193E66: operator() (common/ThreadPoolBase.cpp:69)
|           |           ->32.36% (5,390,565B) 0x193E66: __invoke_impl<void, (lambda at common/ThreadPoolBase.cpp:55:25)> (invoke.h:61)
|           |             ->32.36% (5,390,565B) 0x193E66: __invoke<(lambda at common/ThreadPoolBase.cpp:55:25)> (invoke.h:96)
|           |               ->32.36% (5,390,565B) 0x193E66: _M_invoke<0UL> (std_thread.h:301)
|           |                 ->32.36% (5,390,565B) 0x193E66: operator() (std_thread.h:308)
|           |                   ->32.36% (5,390,565B) 0x193E66: std::thread::_State_impl<std::thread::_Invoker<std::tuple<ThreadPoolBase::createThread()::$_0> > >::_M_run() (std_thread.h:253)
|           |                     ->32.36% (5,390,565B) 0x4EDBDB3: ??? (in /usr/lib/x86_64-linux-gnu/libstdc++.so.6.0.33)
|           |                       ->32.36% (5,390,565B) 0x5229E2D: start_thread (pthread_create.c:447)
|           |                         ->32.36% (5,390,565B) 0x52BB833: clone (clone.S:100)
|           |                           
|           ->22.57% (3,760,129B) 0x130311: TaskBuilder::copyRequestWithId(std::basic_string_view<char, std::char_traits<char> >, long) (client_src/TaskBuilder.cpp:56)
|           | ->22.57% (3,760,129B) 0x12FC04: createSubtask (client_src/TaskBuilder.cpp:73)
|           |   ->22.57% (3,760,129B) 0x12FC04: TaskBuilder::run() (???:25)
|           |     ->22.57% (3,760,129B) 0x193E66: operator() (common/ThreadPoolBase.cpp:69)
|           |       ->22.57% (3,760,129B) 0x193E66: __invoke_impl<void, (lambda at common/ThreadPoolBase.cpp:55:25)> (invoke.h:61)
|           |         ->22.57% (3,760,129B) 0x193E66: __invoke<(lambda at common/ThreadPoolBase.cpp:55:25)> (invoke.h:96)
|           |           ->22.57% (3,760,129B) 0x193E66: _M_invoke<0UL> (std_thread.h:301)
|           |             ->22.57% (3,760,129B) 0x193E66: operator() (std_thread.h:308)
|           |               ->22.57% (3,760,129B) 0x193E66: std::thread::_State_impl<std::thread::_Invoker<std::tuple<ThreadPoolBase::createThread()::$_0> > >::_M_run() (std_thread.h:253)
|           |                 ->22.57% (3,760,129B) 0x4EDBDB3: ??? (in /usr/lib/x86_64-linux-gnu/libstdc++.so.6.0.33)
|           |                   ->22.57% (3,760,129B) 0x5229E2D: start_thread (pthread_create.c:447)
|           |                     ->22.57% (3,760,129B) 0x52BB833: clone (clone.S:100)
|           |                       
|           ->18.01% (3,000,001B) 0x122BAC: Client::Client() (client_src/Client.cpp:17)
|           | ->18.01% (3,000,001B) 0x132EB3: tcp::TcpClient::TcpClient() (client_src/TcpClient.cpp:9)
|           |   ->18.01% (3,000,001B) 0x12B274: main (client_src/ClientMain.cpp:43)
|           |     
|           ->00.00% (0B) in 1+ places, all below ms_print's threshold (01.00%)
|           
->26.44% (4,405,095B) 0x129953: allocate (new_allocator.h:151)
| ->26.44% (4,405,095B) 0x129953: allocate (allocator.h:196)
|   ->26.44% (4,405,095B) 0x129953: allocate (alloc_traits.h:478)
|     ->26.44% (4,405,095B) 0x129953: _S_allocate (basic_string.h:131)
|       ->26.44% (4,405,095B) 0x129953: _M_create (basic_string.tcc:159)
|         ->26.44% (4,405,095B) 0x129953: std::__cxx11::basic_string<char, std::char_traits<char>, std::allocator<char> >::_M_mutate(unsigned long, unsigned long, char const*, unsigned long) (basic_string.tcc:332)
|           ->15.76% (2,625,839B) 0x160FD3: _M_replace_aux (basic_string.tcc:468)
|           | ->15.76% (2,625,839B) 0x160FD3: append (basic_string.h:1499)
|           |   ->15.76% (2,625,839B) 0x160FD3: resize (basic_string.tcc:405)
|           |     ->15.76% (2,625,839B) 0x160FD3: resize (basic_string.h:1119)
|           |       ->15.76% (2,625,839B) 0x160FD3: void utility::readFile<std::__cxx11::basic_string<char, std::char_traits<char>, std::allocator<char> > >(std::basic_string_view<char, std::char_traits<char> >, std::__cxx11::basic_string<char, std::char_traits<char>, std::allocator<char> >&) (Utility.h:98)
|           |         ->15.76% (2,625,839B) 0x18A422: FileLines2::FileLines2(std::basic_string_view<char, std::char_traits<char> >, char, bool) (common/FileLines2.cpp:15)
|           |         | ->15.76% (2,625,839B) 0x12FB9F: TaskBuilder::run() (client_src/TaskBuilder.cpp:24)
|           |         |   ->15.76% (2,625,839B) 0x193E66: operator() (common/ThreadPoolBase.cpp:69)
|           |         |     ->15.76% (2,625,839B) 0x193E66: __invoke_impl<void, (lambda at common/ThreadPoolBase.cpp:55:25)> (invoke.h:61)
|           |         |       ->15.76% (2,625,839B) 0x193E66: __invoke<(lambda at common/ThreadPoolBase.cpp:55:25)> (invoke.h:96)
|           |         |         ->15.76% (2,625,839B) 0x193E66: _M_invoke<0UL> (std_thread.h:301)
|           |         |           ->15.76% (2,625,839B) 0x193E66: operator() (std_thread.h:308)
|           |         |             ->15.76% (2,625,839B) 0x193E66: std::thread::_State_impl<std::thread::_Invoker<std::tuple<ThreadPoolBase::createThread()::$_0> > >::_M_run() (std_thread.h:253)
|           |         |               ->15.76% (2,625,839B) 0x4EDBDB3: ??? (in /usr/lib/x86_64-linux-gnu/libstdc++.so.6.0.33)
|           |         |                 ->15.76% (2,625,839B) 0x5229E2D: start_thread (pthread_create.c:447)
|           |         |                   ->15.76% (2,625,839B) 0x52BB833: clone (clone.S:100)
|           |         |                     
|           |         ->00.00% (0B) in 1+ places, all below ms_print's threshold (01.00%)
|           |         
|           ->10.28% (1,713,317B) 0x129807: std::__cxx11::basic_string<char, std::char_traits<char>, std::allocator<char> >::_M_replace(unsigned long, unsigned long, char const*, unsigned long) (basic_string.tcc:548)
|           | ->09.40% (1,565,382B) 0x130670: assign (basic_string.h:1678)
|           | | ->09.40% (1,565,382B) 0x130670: assign<std::basic_string_view<char, std::char_traits<char> > > (basic_string.h:1790)
|           | |   ->09.40% (1,565,382B) 0x130670: TaskBuilder::compressEncryptSubtask(bool) (???:101)
|           | |     ->09.40% (1,565,382B) 0x12FC2F: createSubtask (client_src/TaskBuilder.cpp:76)
|           | |       ->09.40% (1,565,382B) 0x12FC2F: TaskBuilder::run() (???:25)
|           | |         ->09.40% (1,565,382B) 0x193E66: operator() (common/ThreadPoolBase.cpp:69)
|           | |           ->09.40% (1,565,382B) 0x193E66: __invoke_impl<void, (lambda at common/ThreadPoolBase.cpp:55:25)> (invoke.h:61)
|           | |             ->09.40% (1,565,382B) 0x193E66: __invoke<(lambda at common/ThreadPoolBase.cpp:55:25)> (invoke.h:96)
|           | |               ->09.40% (1,565,382B) 0x193E66: _M_invoke<0UL> (std_thread.h:301)
|           | |                 ->09.40% (1,565,382B) 0x193E66: operator() (std_thread.h:308)
|           | |                   ->09.40% (1,565,382B) 0x193E66: std::thread::_State_impl<std::thread::_Invoker<std::tuple<ThreadPoolBase::createThread()::$_0> > >::_M_run() (std_thread.h:253)
|           | |                     ->09.40% (1,565,382B) 0x4EDBDB3: ??? (in /usr/lib/x86_64-linux-gnu/libstdc++.so.6.0.33)
|           | |                       ->09.40% (1,565,382B) 0x5229E2D: start_thread (pthread_create.c:447)
|           | |                         ->09.40% (1,565,382B) 0x52BB833: clone (clone.S:100)
|           | |                           
|           | ->00.89% (147,935B) in 1+ places, all below ms_print's threshold (01.00%)
|           | 
|           ->00.40% (65,939B) in 1+ places, all below ms_print's threshold (01.00%)
|           
->00.59% (98,792B) in 1+ places, all below ms_print's threshold (01.00%)

--------------------------------------------------------------------------------
  n        time(i)         total(B)   useful-heap(B) extra-heap(B)    stacks(B)
--------------------------------------------------------------------------------
 66 33,812,301,697       16,659,912       16,654,582         5,330            0
 67 34,186,239,954       16,659,424       16,654,110         5,314            0
 68 34,560,203,267       16,659,912       16,654,582         5,330            0
 69 34,934,166,470       16,659,912       16,654,582         5,330            0
 70 35,308,165,335       16,659,912       16,654,582         5,330            0
 71 35,682,104,967       16,659,912       16,654,582         5,330            0
 72 36,056,043,143       16,659,424       16,654,110         5,314            0
 73 36,429,981,607       16,659,912       16,654,582         5,330            0
 74 36,803,919,949       16,659,912       16,654,582         5,330            0
 75 37,177,882,636       16,659,912       16,654,582         5,330            0
99.97% (16,654,582B) (heap allocation functions) malloc/new/new[], --alloc-fns, etc.
->72.93% (12,150,695B) 0x124DCA: allocate (new_allocator.h:151)
| ->72.93% (12,150,695B) 0x124DCA: allocate (allocator.h:196)
|   ->72.93% (12,150,695B) 0x124DCA: allocate (alloc_traits.h:478)
|     ->72.93% (12,150,695B) 0x124DCA: _S_allocate (basic_string.h:131)
|       ->72.93% (12,150,695B) 0x124DCA: _M_create (basic_string.tcc:159)
|         ->72.93% (12,150,695B) 0x124DCA: std::__cxx11::basic_string<char, std::char_traits<char>, std::allocator<char> >::reserve(unsigned long) (basic_string.tcc:315)
|           ->32.36% (5,390,565B) 0x1320CA: void compressionLZ4::compress<std::__cxx11::basic_string<char, std::char_traits<char>, std::allocator<char> > >(std::__cxx11::basic_string<char, std::char_traits<char>, std::allocator<char> >&, std::__cxx11::basic_string<char, std::char_traits<char>, std::allocator<char> >&) (CompressionLZ4.h:23)
|           | ->32.36% (5,390,565B) 0x130A9A: std::basic_string_view<char, std::char_traits<char> > compressEncrypt<std::variant<std::shared_ptr<CryptoPlPl>, std::shared_ptr<CryptoSodium> >, std::__cxx11::basic_string<char, std::char_traits<char>, std::allocator<char> > >(std::variant<std::shared_ptr<CryptoPlPl>, std::shared_ptr<CryptoSodium> >&, std::__cxx11::basic_string<char, std::char_traits<char>, std::allocator<char> >&, std::tuple<HEADERTYPE, unsigned long, unsigned long, COMPRESSORS, DIAGNOSTICS, STATUS, unsigned long> const&, std::__cxx11::basic_string<char, std::char_traits<char>, std::allocator<char> >&, bool, int) (EncryptorTemplates.h:31)
|           |   ->32.36% (5,390,565B) 0x1305CB: TaskBuilder::compressEncryptSubtask(bool) (client_src/TaskBuilder.cpp:96)
|           |     ->32.36% (5,390,565B) 0x12FC2F: createSubtask (client_src/TaskBuilder.cpp:76)
|           |       ->32.36% (5,390,565B) 0x12FC2F: TaskBuilder::run() (???:25)
|           |         ->32.36% (5,390,565B) 0x193E66: operator() (common/ThreadPoolBase.cpp:69)
|           |           ->32.36% (5,390,565B) 0x193E66: __invoke_impl<void, (lambda at common/ThreadPoolBase.cpp:55:25)> (invoke.h:61)
|           |             ->32.36% (5,390,565B) 0x193E66: __invoke<(lambda at common/ThreadPoolBase.cpp:55:25)> (invoke.h:96)
|           |               ->32.36% (5,390,565B) 0x193E66: _M_invoke<0UL> (std_thread.h:301)
|           |                 ->32.36% (5,390,565B) 0x193E66: operator() (std_thread.h:308)
|           |                   ->32.36% (5,390,565B) 0x193E66: std::thread::_State_impl<std::thread::_Invoker<std::tuple<ThreadPoolBase::createThread()::$_0> > >::_M_run() (std_thread.h:253)
|           |                     ->32.36% (5,390,565B) 0x4EDBDB3: ??? (in /usr/lib/x86_64-linux-gnu/libstdc++.so.6.0.33)
|           |                       ->32.36% (5,390,565B) 0x5229E2D: start_thread (pthread_create.c:447)
|           |                         ->32.36% (5,390,565B) 0x52BB833: clone (clone.S:100)
|           |                           
|           ->22.57% (3,760,129B) 0x130311: TaskBuilder::copyRequestWithId(std::basic_string_view<char, std::char_traits<char> >, long) (client_src/TaskBuilder.cpp:56)
|           | ->22.57% (3,760,129B) 0x12FC04: createSubtask (client_src/TaskBuilder.cpp:73)
|           |   ->22.57% (3,760,129B) 0x12FC04: TaskBuilder::run() (???:25)
|           |     ->22.57% (3,760,129B) 0x193E66: operator() (common/ThreadPoolBase.cpp:69)
|           |       ->22.57% (3,760,129B) 0x193E66: __invoke_impl<void, (lambda at common/ThreadPoolBase.cpp:55:25)> (invoke.h:61)
|           |         ->22.57% (3,760,129B) 0x193E66: __invoke<(lambda at common/ThreadPoolBase.cpp:55:25)> (invoke.h:96)
|           |           ->22.57% (3,760,129B) 0x193E66: _M_invoke<0UL> (std_thread.h:301)
|           |             ->22.57% (3,760,129B) 0x193E66: operator() (std_thread.h:308)
|           |               ->22.57% (3,760,129B) 0x193E66: std::thread::_State_impl<std::thread::_Invoker<std::tuple<ThreadPoolBase::createThread()::$_0> > >::_M_run() (std_thread.h:253)
|           |                 ->22.57% (3,760,129B) 0x4EDBDB3: ??? (in /usr/lib/x86_64-linux-gnu/libstdc++.so.6.0.33)
|           |                   ->22.57% (3,760,129B) 0x5229E2D: start_thread (pthread_create.c:447)
|           |                     ->22.57% (3,760,129B) 0x52BB833: clone (clone.S:100)
|           |                       
|           ->18.01% (3,000,001B) 0x122BAC: Client::Client() (client_src/Client.cpp:17)
|           | ->18.01% (3,000,001B) 0x132EB3: tcp::TcpClient::TcpClient() (client_src/TcpClient.cpp:9)
|           |   ->18.01% (3,000,001B) 0x12B274: main (client_src/ClientMain.cpp:43)
|           |     
|           ->00.00% (0B) in 1+ places, all below ms_print's threshold (01.00%)
|           
->26.44% (4,405,095B) 0x129953: allocate (new_allocator.h:151)
| ->26.44% (4,405,095B) 0x129953: allocate (allocator.h:196)
|   ->26.44% (4,405,095B) 0x129953: allocate (alloc_traits.h:478)
|     ->26.44% (4,405,095B) 0x129953: _S_allocate (basic_string.h:131)
|       ->26.44% (4,405,095B) 0x129953: _M_create (basic_string.tcc:159)
|         ->26.44% (4,405,095B) 0x129953: std::__cxx11::basic_string<char, std::char_traits<char>, std::allocator<char> >::_M_mutate(unsigned long, unsigned long, char const*, unsigned long) (basic_string.tcc:332)
|           ->15.76% (2,625,839B) 0x160FD3: _M_replace_aux (basic_string.tcc:468)
|           | ->15.76% (2,625,839B) 0x160FD3: append (basic_string.h:1499)
|           |   ->15.76% (2,625,839B) 0x160FD3: resize (basic_string.tcc:405)
|           |     ->15.76% (2,625,839B) 0x160FD3: resize (basic_string.h:1119)
|           |       ->15.76% (2,625,839B) 0x160FD3: void utility::readFile<std::__cxx11::basic_string<char, std::char_traits<char>, std::allocator<char> > >(std::basic_string_view<char, std::char_traits<char> >, std::__cxx11::basic_string<char, std::char_traits<char>, std::allocator<char> >&) (Utility.h:98)
|           |         ->15.76% (2,625,839B) 0x18A422: FileLines2::FileLines2(std::basic_string_view<char, std::char_traits<char> >, char, bool) (common/FileLines2.cpp:15)
|           |         | ->15.76% (2,625,839B) 0x12FB9F: TaskBuilder::run() (client_src/TaskBuilder.cpp:24)
|           |         |   ->15.76% (2,625,839B) 0x193E66: operator() (common/ThreadPoolBase.cpp:69)
|           |         |     ->15.76% (2,625,839B) 0x193E66: __invoke_impl<void, (lambda at common/ThreadPoolBase.cpp:55:25)> (invoke.h:61)
|           |         |       ->15.76% (2,625,839B) 0x193E66: __invoke<(lambda at common/ThreadPoolBase.cpp:55:25)> (invoke.h:96)
|           |         |         ->15.76% (2,625,839B) 0x193E66: _M_invoke<0UL> (std_thread.h:301)
|           |         |           ->15.76% (2,625,839B) 0x193E66: operator() (std_thread.h:308)
|           |         |             ->15.76% (2,625,839B) 0x193E66: std::thread::_State_impl<std::thread::_Invoker<std::tuple<ThreadPoolBase::createThread()::$_0> > >::_M_run() (std_thread.h:253)
|           |         |               ->15.76% (2,625,839B) 0x4EDBDB3: ??? (in /usr/lib/x86_64-linux-gnu/libstdc++.so.6.0.33)
|           |         |                 ->15.76% (2,625,839B) 0x5229E2D: start_thread (pthread_create.c:447)
|           |         |                   ->15.76% (2,625,839B) 0x52BB833: clone (clone.S:100)
|           |         |                     
|           |         ->00.00% (0B) in 1+ places, all below ms_print's threshold (01.00%)
|           |         
|           ->10.28% (1,713,317B) 0x129807: std::__cxx11::basic_string<char, std::char_traits<char>, std::allocator<char> >::_M_replace(unsigned long, unsigned long, char const*, unsigned long) (basic_string.tcc:548)
|           | ->09.40% (1,565,382B) 0x130670: assign (basic_string.h:1678)
|           | | ->09.40% (1,565,382B) 0x130670: assign<std::basic_string_view<char, std::char_traits<char> > > (basic_string.h:1790)
|           | |   ->09.40% (1,565,382B) 0x130670: TaskBuilder::compressEncryptSubtask(bool) (???:101)
|           | |     ->09.40% (1,565,382B) 0x12FC2F: createSubtask (client_src/TaskBuilder.cpp:76)
|           | |       ->09.40% (1,565,382B) 0x12FC2F: TaskBuilder::run() (???:25)
|           | |         ->09.40% (1,565,382B) 0x193E66: operator() (common/ThreadPoolBase.cpp:69)
|           | |           ->09.40% (1,565,382B) 0x193E66: __invoke_impl<void, (lambda at common/ThreadPoolBase.cpp:55:25)> (invoke.h:61)
|           | |             ->09.40% (1,565,382B) 0x193E66: __invoke<(lambda at common/ThreadPoolBase.cpp:55:25)> (invoke.h:96)
|           | |               ->09.40% (1,565,382B) 0x193E66: _M_invoke<0UL> (std_thread.h:301)
|           | |                 ->09.40% (1,565,382B) 0x193E66: operator() (std_thread.h:308)
|           | |                   ->09.40% (1,565,382B) 0x193E66: std::thread::_State_impl<std::thread::_Invoker<std::tuple<ThreadPoolBase::createThread()::$_0> > >::_M_run() (std_thread.h:253)
|           | |                     ->09.40% (1,565,382B) 0x4EDBDB3: ??? (in /usr/lib/x86_64-linux-gnu/libstdc++.so.6.0.33)
|           | |                       ->09.40% (1,565,382B) 0x5229E2D: start_thread (pthread_create.c:447)
|           | |                         ->09.40% (1,565,382B) 0x52BB833: clone (clone.S:100)
|           | |                           
|           | ->00.89% (147,935B) in 1+ places, all below ms_print's threshold (01.00%)
|           | 
|           ->00.40% (65,939B) in 1+ places, all below ms_print's threshold (01.00%)
|           
->00.59% (98,792B) in 1+ places, all below ms_print's threshold (01.00%)

--------------------------------------------------------------------------------
  n        time(i)         total(B)   useful-heap(B) extra-heap(B)    stacks(B)
--------------------------------------------------------------------------------
 76 37,551,820,630       16,659,912       16,654,582         5,330            0
 77 37,925,758,494       16,659,912       16,654,582         5,330            0
 78 38,299,696,418       16,659,960       16,654,622         5,338            0
 79 38,673,634,388       16,661,792       16,656,337         5,455            0
 80 39,047,572,306       16,661,032       16,655,619         5,413            0
 81 39,421,510,290       16,661,032       16,655,619         5,413            0
 82 39,795,448,208       16,661,512       16,656,080         5,432            0
 83 40,169,386,055       16,660,784       16,655,392         5,392            0
 84 40,543,373,232       16,659,912       16,654,582         5,330            0
 85 40,917,348,482       16,659,912       16,654,582         5,330            0
99.97% (16,654,582B) (heap allocation functions) malloc/new/new[], --alloc-fns, etc.
->72.93% (12,150,695B) 0x124DCA: allocate (new_allocator.h:151)
| ->72.93% (12,150,695B) 0x124DCA: allocate (allocator.h:196)
|   ->72.93% (12,150,695B) 0x124DCA: allocate (alloc_traits.h:478)
|     ->72.93% (12,150,695B) 0x124DCA: _S_allocate (basic_string.h:131)
|       ->72.93% (12,150,695B) 0x124DCA: _M_create (basic_string.tcc:159)
|         ->72.93% (12,150,695B) 0x124DCA: std::__cxx11::basic_string<char, std::char_traits<char>, std::allocator<char> >::reserve(unsigned long) (basic_string.tcc:315)
|           ->32.36% (5,390,565B) 0x1320CA: void compressionLZ4::compress<std::__cxx11::basic_string<char, std::char_traits<char>, std::allocator<char> > >(std::__cxx11::basic_string<char, std::char_traits<char>, std::allocator<char> >&, std::__cxx11::basic_string<char, std::char_traits<char>, std::allocator<char> >&) (CompressionLZ4.h:23)
|           | ->32.36% (5,390,565B) 0x130A9A: std::basic_string_view<char, std::char_traits<char> > compressEncrypt<std::variant<std::shared_ptr<CryptoPlPl>, std::shared_ptr<CryptoSodium> >, std::__cxx11::basic_string<char, std::char_traits<char>, std::allocator<char> > >(std::variant<std::shared_ptr<CryptoPlPl>, std::shared_ptr<CryptoSodium> >&, std::__cxx11::basic_string<char, std::char_traits<char>, std::allocator<char> >&, std::tuple<HEADERTYPE, unsigned long, unsigned long, COMPRESSORS, DIAGNOSTICS, STATUS, unsigned long> const&, std::__cxx11::basic_string<char, std::char_traits<char>, std::allocator<char> >&, bool, int) (EncryptorTemplates.h:31)
|           |   ->32.36% (5,390,565B) 0x1305CB: TaskBuilder::compressEncryptSubtask(bool) (client_src/TaskBuilder.cpp:96)
|           |     ->32.36% (5,390,565B) 0x12FC2F: createSubtask (client_src/TaskBuilder.cpp:76)
|           |       ->32.36% (5,390,565B) 0x12FC2F: TaskBuilder::run() (???:25)
|           |         ->32.36% (5,390,565B) 0x193E66: operator() (common/ThreadPoolBase.cpp:69)
|           |           ->32.36% (5,390,565B) 0x193E66: __invoke_impl<void, (lambda at common/ThreadPoolBase.cpp:55:25)> (invoke.h:61)
|           |             ->32.36% (5,390,565B) 0x193E66: __invoke<(lambda at common/ThreadPoolBase.cpp:55:25)> (invoke.h:96)
|           |               ->32.36% (5,390,565B) 0x193E66: _M_invoke<0UL> (std_thread.h:301)
|           |                 ->32.36% (5,390,565B) 0x193E66: operator() (std_thread.h:308)
|           |                   ->32.36% (5,390,565B) 0x193E66: std::thread::_State_impl<std::thread::_Invoker<std::tuple<ThreadPoolBase::createThread()::$_0> > >::_M_run() (std_thread.h:253)
|           |                     ->32.36% (5,390,565B) 0x4EDBDB3: ??? (in /usr/lib/x86_64-linux-gnu/libstdc++.so.6.0.33)
|           |                       ->32.36% (5,390,565B) 0x5229E2D: start_thread (pthread_create.c:447)
|           |                         ->32.36% (5,390,565B) 0x52BB833: clone (clone.S:100)
|           |                           
|           ->22.57% (3,760,129B) 0x130311: TaskBuilder::copyRequestWithId(std::basic_string_view<char, std::char_traits<char> >, long) (client_src/TaskBuilder.cpp:56)
|           | ->22.57% (3,760,129B) 0x12FC04: createSubtask (client_src/TaskBuilder.cpp:73)
|           |   ->22.57% (3,760,129B) 0x12FC04: TaskBuilder::run() (???:25)
|           |     ->22.57% (3,760,129B) 0x193E66: operator() (common/ThreadPoolBase.cpp:69)
|           |       ->22.57% (3,760,129B) 0x193E66: __invoke_impl<void, (lambda at common/ThreadPoolBase.cpp:55:25)> (invoke.h:61)
|           |         ->22.57% (3,760,129B) 0x193E66: __invoke<(lambda at common/ThreadPoolBase.cpp:55:25)> (invoke.h:96)
|           |           ->22.57% (3,760,129B) 0x193E66: _M_invoke<0UL> (std_thread.h:301)
|           |             ->22.57% (3,760,129B) 0x193E66: operator() (std_thread.h:308)
|           |               ->22.57% (3,760,129B) 0x193E66: std::thread::_State_impl<std::thread::_Invoker<std::tuple<ThreadPoolBase::createThread()::$_0> > >::_M_run() (std_thread.h:253)
|           |                 ->22.57% (3,760,129B) 0x4EDBDB3: ??? (in /usr/lib/x86_64-linux-gnu/libstdc++.so.6.0.33)
|           |                   ->22.57% (3,760,129B) 0x5229E2D: start_thread (pthread_create.c:447)
|           |                     ->22.57% (3,760,129B) 0x52BB833: clone (clone.S:100)
|           |                       
|           ->18.01% (3,000,001B) 0x122BAC: Client::Client() (client_src/Client.cpp:17)
|           | ->18.01% (3,000,001B) 0x132EB3: tcp::TcpClient::TcpClient() (client_src/TcpClient.cpp:9)
|           |   ->18.01% (3,000,001B) 0x12B274: main (client_src/ClientMain.cpp:43)
|           |     
|           ->00.00% (0B) in 1+ places, all below ms_print's threshold (01.00%)
|           
->26.44% (4,405,095B) 0x129953: allocate (new_allocator.h:151)
| ->26.44% (4,405,095B) 0x129953: allocate (allocator.h:196)
|   ->26.44% (4,405,095B) 0x129953: allocate (alloc_traits.h:478)
|     ->26.44% (4,405,095B) 0x129953: _S_allocate (basic_string.h:131)
|       ->26.44% (4,405,095B) 0x129953: _M_create (basic_string.tcc:159)
|         ->26.44% (4,405,095B) 0x129953: std::__cxx11::basic_string<char, std::char_traits<char>, std::allocator<char> >::_M_mutate(unsigned long, unsigned long, char const*, unsigned long) (basic_string.tcc:332)
|           ->15.76% (2,625,839B) 0x160FD3: _M_replace_aux (basic_string.tcc:468)
|           | ->15.76% (2,625,839B) 0x160FD3: append (basic_string.h:1499)
|           |   ->15.76% (2,625,839B) 0x160FD3: resize (basic_string.tcc:405)
|           |     ->15.76% (2,625,839B) 0x160FD3: resize (basic_string.h:1119)
|           |       ->15.76% (2,625,839B) 0x160FD3: void utility::readFile<std::__cxx11::basic_string<char, std::char_traits<char>, std::allocator<char> > >(std::basic_string_view<char, std::char_traits<char> >, std::__cxx11::basic_string<char, std::char_traits<char>, std::allocator<char> >&) (Utility.h:98)
|           |         ->15.76% (2,625,839B) 0x18A422: FileLines2::FileLines2(std::basic_string_view<char, std::char_traits<char> >, char, bool) (common/FileLines2.cpp:15)
|           |         | ->15.76% (2,625,839B) 0x12FB9F: TaskBuilder::run() (client_src/TaskBuilder.cpp:24)
|           |         |   ->15.76% (2,625,839B) 0x193E66: operator() (common/ThreadPoolBase.cpp:69)
|           |         |     ->15.76% (2,625,839B) 0x193E66: __invoke_impl<void, (lambda at common/ThreadPoolBase.cpp:55:25)> (invoke.h:61)
|           |         |       ->15.76% (2,625,839B) 0x193E66: __invoke<(lambda at common/ThreadPoolBase.cpp:55:25)> (invoke.h:96)
|           |         |         ->15.76% (2,625,839B) 0x193E66: _M_invoke<0UL> (std_thread.h:301)
|           |         |           ->15.76% (2,625,839B) 0x193E66: operator() (std_thread.h:308)
|           |         |             ->15.76% (2,625,839B) 0x193E66: std::thread::_State_impl<std::thread::_Invoker<std::tuple<ThreadPoolBase::createThread()::$_0> > >::_M_run() (std_thread.h:253)
|           |         |               ->15.76% (2,625,839B) 0x4EDBDB3: ??? (in /usr/lib/x86_64-linux-gnu/libstdc++.so.6.0.33)
|           |         |                 ->15.76% (2,625,839B) 0x5229E2D: start_thread (pthread_create.c:447)
|           |         |                   ->15.76% (2,625,839B) 0x52BB833: clone (clone.S:100)
|           |         |                     
|           |         ->00.00% (0B) in 1+ places, all below ms_print's threshold (01.00%)
|           |         
|           ->10.28% (1,713,317B) 0x129807: std::__cxx11::basic_string<char, std::char_traits<char>, std::allocator<char> >::_M_replace(unsigned long, unsigned long, char const*, unsigned long) (basic_string.tcc:548)
|           | ->09.40% (1,565,382B) 0x130670: assign (basic_string.h:1678)
|           | | ->09.40% (1,565,382B) 0x130670: assign<std::basic_string_view<char, std::char_traits<char> > > (basic_string.h:1790)
|           | |   ->09.40% (1,565,382B) 0x130670: TaskBuilder::compressEncryptSubtask(bool) (???:101)
|           | |     ->09.40% (1,565,382B) 0x12FC2F: createSubtask (client_src/TaskBuilder.cpp:76)
|           | |       ->09.40% (1,565,382B) 0x12FC2F: TaskBuilder::run() (???:25)
|           | |         ->09.40% (1,565,382B) 0x193E66: operator() (common/ThreadPoolBase.cpp:69)
|           | |           ->09.40% (1,565,382B) 0x193E66: __invoke_impl<void, (lambda at common/ThreadPoolBase.cpp:55:25)> (invoke.h:61)
|           | |             ->09.40% (1,565,382B) 0x193E66: __invoke<(lambda at common/ThreadPoolBase.cpp:55:25)> (invoke.h:96)
|           | |               ->09.40% (1,565,382B) 0x193E66: _M_invoke<0UL> (std_thread.h:301)
|           | |                 ->09.40% (1,565,382B) 0x193E66: operator() (std_thread.h:308)
|           | |                   ->09.40% (1,565,382B) 0x193E66: std::thread::_State_impl<std::thread::_Invoker<std::tuple<ThreadPoolBase::createThread()::$_0> > >::_M_run() (std_thread.h:253)
|           | |                     ->09.40% (1,565,382B) 0x4EDBDB3: ??? (in /usr/lib/x86_64-linux-gnu/libstdc++.so.6.0.33)
|           | |                       ->09.40% (1,565,382B) 0x5229E2D: start_thread (pthread_create.c:447)
|           | |                         ->09.40% (1,565,382B) 0x52BB833: clone (clone.S:100)
|           | |                           
|           | ->00.89% (147,935B) in 1+ places, all below ms_print's threshold (01.00%)
|           | 
|           ->00.40% (65,939B) in 1+ places, all below ms_print's threshold (01.00%)
|           
->00.59% (98,792B) in 1+ places, all below ms_print's threshold (01.00%)

--------------------------------------------------------------------------------
  n        time(i)         total(B)   useful-heap(B) extra-heap(B)    stacks(B)
--------------------------------------------------------------------------------
 86 41,291,311,577       16,659,912       16,654,582         5,330            0
 87 41,665,250,177       16,659,912       16,654,582         5,330            0
 88 42,039,188,113       16,660,504       16,655,131         5,373            0
 89 42,413,126,160       16,660,784       16,655,392         5,392            0
 90 42,787,087,824       16,668,872       16,663,515         5,357            0
