--------------------------------------------------------------------------------
Command:            ./clientX
Massif arguments:   (none)
ms_print arguments: massif.out.36898
--------------------------------------------------------------------------------


    MB
17.37^#                                                                       
     |#                                     ::      ::                        
     |#::                                   :    :: : :   ::  :               
     |#::                                   :    :  : :   :   ::::@:::::::@:::
     |#:::::::::::::::::::::::::::::::::::::: :::: :: ::@@: :@::::@:::::::@:::
     |#:::::::::::: ::::: : :::: ::: : : :::: :: : :: ::@ : :@::::@:::::::@:::
     |#:::::::::::: ::::: : :::: ::: : : :::: :: : :: ::@ : :@::::@:::::::@:::
     |#:::::::::::: ::::: : :::: ::: : : :::: :: : :: ::@ : :@::::@:::::::@:::
     |#:::::::::::: ::::: : :::: ::: : : :::: :: : :: ::@ : :@::::@:::::::@:::
     |#:::::::::::: ::::: : :::: ::: : : :::: :: : :: ::@ : :@::::@:::::::@:::
     |#:::::::::::: ::::: : :::: ::: : : :::: :: : :: ::@ : :@::::@:::::::@:::
     |#:::::::::::: ::::: : :::: ::: : : :::: :: : :: ::@ : :@::::@:::::::@:::
     |#:::::::::::: ::::: : :::: ::: : : :::: :: : :: ::@ : :@::::@:::::::@:::
     |#:::::::::::: ::::: : :::: ::: : : :::: :: : :: ::@ : :@::::@:::::::@:::
     |#:::::::::::: ::::: : :::: ::: : : :::: :: : :: ::@ : :@::::@:::::::@:::
     |#:::::::::::: ::::: : :::: ::: : : :::: :: : :: ::@ : :@::::@:::::::@:::
     |#:::::::::::: ::::: : :::: ::: : : :::: :: : :: ::@ : :@::::@:::::::@:::
     |#:::::::::::: ::::: : :::: ::: : : :::: :: : :: ::@ : :@::::@:::::::@:::
     |#:::::::::::: ::::: : :::: ::: : : :::: :: : :: ::@ : :@::::@:::::::@:::
     |#:::::::::::: ::::: : :::: ::: : : :::: :: : :: ::@ : :@::::@:::::::@:::
   0 +----------------------------------------------------------------------->Gi
     0                                                                   29.55

Number of snapshots: 69
 Detailed snapshots: [1 (peak), 44, 47, 53, 63]

--------------------------------------------------------------------------------
  n        time(i)         total(B)   useful-heap(B) extra-heap(B)    stacks(B)
--------------------------------------------------------------------------------
  0              0                0                0             0            0
  1     83,986,203       18,217,856       18,052,267       165,589            0
99.09% (18,052,267B) (heap allocation functions) malloc/new/new[], --alloc-fns, etc.
->65.86% (11,999,133B) 0x1299E3: allocate (new_allocator.h:151)
| ->65.86% (11,999,133B) 0x1299E3: allocate (allocator.h:196)
|   ->65.86% (11,999,133B) 0x1299E3: allocate (alloc_traits.h:515)
|     ->65.86% (11,999,133B) 0x1299E3: _S_allocate (basic_string.h:131)
|       ->65.86% (11,999,133B) 0x1299E3: _M_create (basic_string.tcc:159)
|         ->65.86% (11,999,133B) 0x1299E3: std::__cxx11::basic_string<char, std::char_traits<char>, std::allocator<char> >::_M_mutate(unsigned long, unsigned long, char const*, unsigned long) (basic_string.tcc:332)
|           ->26.89% (4,898,817B) 0x13014F: _M_append (basic_string.tcc:424)
|           | ->26.89% (4,898,817B) 0x13014F: append (basic_string.h:1470)
|           |   ->26.89% (4,898,817B) 0x13014F: append<std::basic_string_view<char, std::char_traits<char> > > (basic_string.h:1544)
|           |     ->26.89% (4,898,817B) 0x13014F: TaskBuilder::copyRequestWithId(std::basic_string_view<char, std::char_traits<char> >, long) (???:54)
|           |       ->26.89% (4,898,817B) 0x12FBB1: TaskBuilder::createSubtask(Lines2&) (client_src/TaskBuilder.cpp:70)
|           |         ->26.89% (4,898,817B) 0x12F94A: TaskBuilder::run() (client_src/TaskBuilder.cpp:25)
|           |           ->26.89% (4,898,817B) 0x193DD6: operator() (common/ThreadPoolBase.cpp:69)
|           |             ->26.89% (4,898,817B) 0x193DD6: __invoke_impl<void, (lambda at common/ThreadPoolBase.cpp:55:25)> (invoke.h:61)
|           |               ->26.89% (4,898,817B) 0x193DD6: __invoke<(lambda at common/ThreadPoolBase.cpp:55:25)> (invoke.h:96)
|           |                 ->26.89% (4,898,817B) 0x193DD6: _M_invoke<0UL> (std_thread.h:301)
|           |                   ->26.89% (4,898,817B) 0x193DD6: operator() (std_thread.h:308)
|           |                     ->26.89% (4,898,817B) 0x193DD6: std::thread::_State_impl<std::thread::_Invoker<std::tuple<ThreadPoolBase::createThread()::$_0> > >::_M_run() (std_thread.h:253)
|           |                       ->26.89% (4,898,817B) 0x4F16323: ??? (in /usr/lib/x86_64-linux-gnu/libstdc++.so.6.0.34)
|           |                         ->26.89% (4,898,817B) 0x52777F0: start_thread (pthread_create.c:448)
|           |                           ->26.89% (4,898,817B) 0x5308943: clone (clone.S:100)
|           |                             
|           ->14.79% (2,695,283B) 0x1321F3: _M_replace_aux (basic_string.tcc:468)
|           | ->14.79% (2,695,283B) 0x1321F3: append (basic_string.h:1499)
|           |   ->14.79% (2,695,283B) 0x1321F3: resize (basic_string.tcc:405)
|           |     ->14.79% (2,695,283B) 0x1321F3: resize (basic_string.h:1119)
|           |       ->14.79% (2,695,283B) 0x1321F3: void compressionLZ4::compress<std::__cxx11::basic_string<char, std::char_traits<char>, std::allocator<char> > >(std::__cxx11::basic_string<char, std::char_traits<char>, std::allocator<char> >&, std::__cxx11::basic_string<char, std::char_traits<char>, std::allocator<char> >&) (CompressionLZ4.h:22)
|           |         ->14.79% (2,695,283B) 0x13093F: std::basic_string_view<char, std::char_traits<char> > compressEncrypt<std::variant<std::shared_ptr<CryptoPlPl>, std::shared_ptr<CryptoSodium> >, std::__cxx11::basic_string<char, std::char_traits<char>, std::allocator<char> > >(std::variant<std::shared_ptr<CryptoPlPl>, std::shared_ptr<CryptoSodium> >&, std::__cxx11::basic_string<char, std::char_traits<char>, std::allocator<char> >&, std::tuple<HEADERTYPE, unsigned long, unsigned long, COMPRESSORS, DIAGNOSTICS, STATUS, unsigned long> const&, std::__cxx11::basic_string<char, std::char_traits<char>, std::allocator<char> >&, bool, int) (EncryptorTemplates.h:31)
|           |           ->14.79% (2,695,283B) 0x130331: TaskBuilder::compressEncryptSubtask(bool) (client_src/TaskBuilder.cpp:93)
|           |             ->14.79% (2,695,283B) 0x12F94A: TaskBuilder::run() (client_src/TaskBuilder.cpp:25)
|           |               ->14.79% (2,695,283B) 0x193DD6: operator() (common/ThreadPoolBase.cpp:69)
|           |                 ->14.79% (2,695,283B) 0x193DD6: __invoke_impl<void, (lambda at common/ThreadPoolBase.cpp:55:25)> (invoke.h:61)
|           |                   ->14.79% (2,695,283B) 0x193DD6: __invoke<(lambda at common/ThreadPoolBase.cpp:55:25)> (invoke.h:96)
|           |                     ->14.79% (2,695,283B) 0x193DD6: _M_invoke<0UL> (std_thread.h:301)
|           |                       ->14.79% (2,695,283B) 0x193DD6: operator() (std_thread.h:308)
|           |                         ->14.79% (2,695,283B) 0x193DD6: std::thread::_State_impl<std::thread::_Invoker<std::tuple<ThreadPoolBase::createThread()::$_0> > >::_M_run() (std_thread.h:253)
|           |                           ->14.79% (2,695,283B) 0x4F16323: ??? (in /usr/lib/x86_64-linux-gnu/libstdc++.so.6.0.34)
|           |                             ->14.79% (2,695,283B) 0x52777F0: start_thread (pthread_create.c:448)
|           |                               ->14.79% (2,695,283B) 0x5308943: clone (clone.S:100)
|           |                                 
|           ->14.41% (2,625,839B) 0x160E83: _M_replace_aux (basic_string.tcc:468)
|           | ->14.41% (2,625,839B) 0x160E83: append (basic_string.h:1499)
|           |   ->14.41% (2,625,839B) 0x160E83: resize (basic_string.tcc:405)
|           |     ->14.41% (2,625,839B) 0x160E83: resize (basic_string.h:1119)
|           |       ->14.41% (2,625,839B) 0x160E83: void utility::readFile<std::__cxx11::basic_string<char, std::char_traits<char>, std::allocator<char> > >(std::basic_string_view<char, std::char_traits<char> >, std::__cxx11::basic_string<char, std::char_traits<char>, std::allocator<char> >&) (Utility.h:98)
|           |         ->14.41% (2,625,839B) 0x18A049: FileLines2::FileLines2(std::basic_string_view<char, std::char_traits<char> >, char, bool) (common/FileLines2.cpp:14)
|           |         | ->14.41% (2,625,839B) 0x12F93E: TaskBuilder::run() (client_src/TaskBuilder.cpp:24)
|           |         |   ->14.41% (2,625,839B) 0x193DD6: operator() (common/ThreadPoolBase.cpp:69)
|           |         |     ->14.41% (2,625,839B) 0x193DD6: __invoke_impl<void, (lambda at common/ThreadPoolBase.cpp:55:25)> (invoke.h:61)
|           |         |       ->14.41% (2,625,839B) 0x193DD6: __invoke<(lambda at common/ThreadPoolBase.cpp:55:25)> (invoke.h:96)
|           |         |         ->14.41% (2,625,839B) 0x193DD6: _M_invoke<0UL> (std_thread.h:301)
|           |         |           ->14.41% (2,625,839B) 0x193DD6: operator() (std_thread.h:308)
|           |         |             ->14.41% (2,625,839B) 0x193DD6: std::thread::_State_impl<std::thread::_Invoker<std::tuple<ThreadPoolBase::createThread()::$_0> > >::_M_run() (std_thread.h:253)
|           |         |               ->14.41% (2,625,839B) 0x4F16323: ??? (in /usr/lib/x86_64-linux-gnu/libstdc++.so.6.0.34)
|           |         |                 ->14.41% (2,625,839B) 0x52777F0: start_thread (pthread_create.c:448)
|           |         |                   ->14.41% (2,625,839B) 0x5308943: clone (clone.S:100)
|           |         |                     
|           |         ->00.00% (0B) in 1+ places, all below ms_print's threshold (01.00%)
|           |         
|           ->09.40% (1,713,286B) 0x129B67: std::__cxx11::basic_string<char, std::char_traits<char>, std::allocator<char> >::_M_replace(unsigned long, unsigned long, char const*, unsigned long) (basic_string.tcc:548)
|           | ->08.59% (1,565,382B) 0x1303D6: assign (basic_string.h:1678)
|           | | ->08.59% (1,565,382B) 0x1303D6: assign<std::basic_string_view<char, std::char_traits<char> > > (basic_string.h:1790)
|           | |   ->08.59% (1,565,382B) 0x1303D6: TaskBuilder::compressEncryptSubtask(bool) (???:98)
|           | |     ->08.59% (1,565,382B) 0x12F94A: TaskBuilder::run() (client_src/TaskBuilder.cpp:25)
|           | |       ->08.59% (1,565,382B) 0x193DD6: operator() (common/ThreadPoolBase.cpp:69)
|           | |         ->08.59% (1,565,382B) 0x193DD6: __invoke_impl<void, (lambda at common/ThreadPoolBase.cpp:55:25)> (invoke.h:61)
|           | |           ->08.59% (1,565,382B) 0x193DD6: __invoke<(lambda at common/ThreadPoolBase.cpp:55:25)> (invoke.h:96)
|           | |             ->08.59% (1,565,382B) 0x193DD6: _M_invoke<0UL> (std_thread.h:301)
|           | |               ->08.59% (1,565,382B) 0x193DD6: operator() (std_thread.h:308)
|           | |                 ->08.59% (1,565,382B) 0x193DD6: std::thread::_State_impl<std::thread::_Invoker<std::tuple<ThreadPoolBase::createThread()::$_0> > >::_M_run() (std_thread.h:253)
|           | |                   ->08.59% (1,565,382B) 0x4F16323: ??? (in /usr/lib/x86_64-linux-gnu/libstdc++.so.6.0.34)
|           | |                     ->08.59% (1,565,382B) 0x52777F0: start_thread (pthread_create.c:448)
|           | |                       ->08.59% (1,565,382B) 0x5308943: clone (clone.S:100)
|           | |                         
|           | ->00.81% (147,904B) in 1+ places, all below ms_print's threshold (01.00%)
|           | 
|           ->00.36% (65,908B) in 1+ places, all below ms_print's threshold (01.00%)
|           
->16.47% (3,000,001B) 0x12514A: allocate (new_allocator.h:151)
| ->16.47% (3,000,001B) 0x12514A: allocate (allocator.h:196)
|   ->16.47% (3,000,001B) 0x12514A: allocate (alloc_traits.h:515)
|     ->16.47% (3,000,001B) 0x12514A: _S_allocate (basic_string.h:131)
|       ->16.47% (3,000,001B) 0x12514A: _M_create (basic_string.tcc:159)
|         ->16.47% (3,000,001B) 0x12514A: std::__cxx11::basic_string<char, std::char_traits<char>, std::allocator<char> >::reserve(unsigned long) (basic_string.tcc:315)
|           ->16.47% (3,000,001B) 0x122CA3: Client::Client() (client_src/Client.cpp:19)
|           | ->16.47% (3,000,001B) 0x132E73: tcp::TcpClient::TcpClient() (client_src/TcpClient.cpp:9)
|           |   ->16.47% (3,000,001B) 0x12B334: main (client_src/ClientMain.cpp:43)
|           |     
|           ->00.00% (0B) in 1+ places, all below ms_print's threshold (01.00%)
|           
->13.57% (2,472,053B) 0x18A596: allocate (new_allocator.h:151)
| ->13.57% (2,472,053B) 0x18A596: allocate (allocator.h:196)
|   ->13.57% (2,472,053B) 0x18A596: allocate (alloc_traits.h:515)
|     ->13.57% (2,472,053B) 0x18A596: _S_allocate (basic_string.h:131)
|       ->13.57% (2,472,053B) 0x18A596: _M_create (basic_string.tcc:159)
|         ->13.57% (2,472,053B) 0x18A596: _M_construct<const char *> (basic_string.tcc:229)
|           ->13.57% (2,472,053B) 0x18A596: basic_string<const char *, void> (basic_string.h:770)
|             ->13.57% (2,472,053B) 0x18A596: construct_at<std::__cxx11::basic_string<char, std::char_traits<char>, std::allocator<char> >, const char *, const char *> (stl_construct.h:97)
|               ->13.57% (2,472,053B) 0x18A596: construct<std::__cxx11::basic_string<char, std::char_traits<char>, std::allocator<char> >, const char *, const char *> (alloc_traits.h:577)
|                 ->13.57% (2,472,053B) 0x18A596: std::__cxx11::basic_string<char, std::char_traits<char>, std::allocator<char> >& std::deque<std::__cxx11::basic_string<char, std::char_traits<char>, std::allocator<char> >, std::allocator<std::__cxx11::basic_string<char, std::char_traits<char>, std::allocator<char> > > >::emplace_front<char const*, char const*>(char const*&&, char const*&&) (deque.tcc:145)
|                   ->13.57% (2,472,053B) 0x18A0F6: splitReversedOrder<std::deque<std::__cxx11::basic_string<char, std::char_traits<char>, std::allocator<char> >, std::allocator<std::__cxx11::basic_string<char, std::char_traits<char>, std::allocator<char> > > > > (Utility.h:54)
|                     ->13.57% (2,472,053B) 0x18A0F6: FileLines2::FileLines2(std::basic_string_view<char, std::char_traits<char> >, char, bool) (???:15)
|                       ->13.57% (2,472,053B) 0x12F93E: TaskBuilder::run() (client_src/TaskBuilder.cpp:24)
|                         ->13.57% (2,472,053B) 0x193DD6: operator() (common/ThreadPoolBase.cpp:69)
|                           ->13.57% (2,472,053B) 0x193DD6: __invoke_impl<void, (lambda at common/ThreadPoolBase.cpp:55:25)> (invoke.h:61)
|                             ->13.57% (2,472,053B) 0x193DD6: __invoke<(lambda at common/ThreadPoolBase.cpp:55:25)> (invoke.h:96)
|                               ->13.57% (2,472,053B) 0x193DD6: _M_invoke<0UL> (std_thread.h:301)
|                                 ->13.57% (2,472,053B) 0x193DD6: operator() (std_thread.h:308)
|                                   ->13.57% (2,472,053B) 0x193DD6: std::thread::_State_impl<std::thread::_Invoker<std::tuple<ThreadPoolBase::createThread()::$_0> > >::_M_run() (std_thread.h:253)
|                                     ->13.57% (2,472,053B) 0x4F16323: ??? (in /usr/lib/x86_64-linux-gnu/libstdc++.so.6.0.34)
|                                       ->13.57% (2,472,053B) 0x52777F0: start_thread (pthread_create.c:448)
|                                         ->13.57% (2,472,053B) 0x5308943: clone (clone.S:100)
|                                           
->01.76% (320,512B) 0x18A697: allocate (new_allocator.h:151)
| ->01.76% (320,512B) 0x18A697: allocate (allocator.h:196)
|   ->01.76% (320,512B) 0x18A697: allocate (alloc_traits.h:515)
|     ->01.76% (320,512B) 0x18A697: _M_allocate_node (stl_deque.h:583)
|       ->01.76% (320,512B) 0x18A697: void std::deque<std::__cxx11::basic_string<char, std::char_traits<char>, std::allocator<char> >, std::allocator<std::__cxx11::basic_string<char, std::char_traits<char>, std::allocator<char> > > >::_M_push_front_aux<char const*, char const*>(char const*&&, char const*&&) (deque.tcc:536)
|         ->01.76% (320,512B) 0x18A5BE: std::__cxx11::basic_string<char, std::char_traits<char>, std::allocator<char> >& std::deque<std::__cxx11::basic_string<char, std::char_traits<char>, std::allocator<char> >, std::allocator<std::__cxx11::basic_string<char, std::char_traits<char>, std::allocator<char> > > >::emplace_front<char const*, char const*>(char const*&&, char const*&&) (deque.tcc:151)
|           ->01.76% (320,512B) 0x18A0F6: splitReversedOrder<std::deque<std::__cxx11::basic_string<char, std::char_traits<char>, std::allocator<char> >, std::allocator<std::__cxx11::basic_string<char, std::char_traits<char>, std::allocator<char> > > > > (Utility.h:54)
|             ->01.76% (320,512B) 0x18A0F6: FileLines2::FileLines2(std::basic_string_view<char, std::char_traits<char> >, char, bool) (???:15)
|               ->01.76% (320,512B) 0x12F93E: TaskBuilder::run() (client_src/TaskBuilder.cpp:24)
|                 ->01.76% (320,512B) 0x193DD6: operator() (common/ThreadPoolBase.cpp:69)
|                   ->01.76% (320,512B) 0x193DD6: __invoke_impl<void, (lambda at common/ThreadPoolBase.cpp:55:25)> (invoke.h:61)
|                     ->01.76% (320,512B) 0x193DD6: __invoke<(lambda at common/ThreadPoolBase.cpp:55:25)> (invoke.h:96)
|                       ->01.76% (320,512B) 0x193DD6: _M_invoke<0UL> (std_thread.h:301)
|                         ->01.76% (320,512B) 0x193DD6: operator() (std_thread.h:308)
|                           ->01.76% (320,512B) 0x193DD6: std::thread::_State_impl<std::thread::_Invoker<std::tuple<ThreadPoolBase::createThread()::$_0> > >::_M_run() (std_thread.h:253)
|                             ->01.76% (320,512B) 0x4F16323: ??? (in /usr/lib/x86_64-linux-gnu/libstdc++.so.6.0.34)
|                               ->01.76% (320,512B) 0x52777F0: start_thread (pthread_create.c:448)
|                                 ->01.76% (320,512B) 0x5308943: clone (clone.S:100)
|                                   
->01.43% (260,568B) in 56 places, all below massif's threshold (1.00%)
  
--------------------------------------------------------------------------------
  n        time(i)         total(B)   useful-heap(B) extra-heap(B)    stacks(B)
--------------------------------------------------------------------------------
  2    644,891,666       16,692,952       16,606,072        86,880            0
  3    979,954,622       16,693,248       16,606,326        86,922            0
  4  1,451,881,622       15,101,968       15,096,493         5,475            0
  5  2,047,549,746       15,101,968       15,096,493         5,475            0
  6  2,531,588,550       15,101,968       15,096,493         5,475            0
  7  2,866,651,635       15,101,968       15,096,493         5,475            0
  8  3,313,402,897       15,101,968       15,096,493         5,475            0
  9  3,871,866,060       15,101,968       15,096,493         5,475            0
 10  4,287,602,685       15,101,968       15,096,493         5,475            0
 11  4,772,648,257       15,101,856       15,096,402         5,454            0
 12  5,256,637,698       15,102,976       15,097,450         5,526            0
 13  5,666,175,379       15,101,896       15,096,429         5,467            0
 14  6,254,566,262       15,101,968       15,096,493         5,475            0
 15  6,626,859,198       15,101,968       15,096,493         5,475            0
 16  7,148,095,014       15,101,968       15,096,493         5,475            0
 17  7,594,858,116       15,101,968       15,096,493         5,475            0
 18  8,339,443,866       15,101,968       15,096,493         5,475            0
 19  8,860,654,244       15,101,968       15,096,493         5,475            0
 20  9,232,970,455       15,101,968       15,096,493         5,475            0
 21  9,768,239,780       15,449,512       15,425,994        23,518            0
 22 10,163,701,771       15,101,968       15,096,493         5,475            0
 23 10,810,686,273       15,450,408       15,426,866        23,542            0
 24 11,331,896,635       15,449,888       15,426,354        23,534            0
 25 11,987,963,014       15,101,968       15,096,493         5,475            0
 26 12,374,314,897       15,449,888       15,426,354        23,534            0
 27 12,769,800,605       15,101,968       15,096,493         5,475            0
 28 13,156,154,332       15,465,888       15,441,528        24,360            0
 29 13,677,388,781       15,450,392       15,426,866        23,526            0
 30 14,072,850,022       15,101,968       15,096,493         5,475            0
 31 14,594,096,162       15,101,968       15,096,493         5,475            0
 32 14,980,449,729       15,450,408       15,426,866        23,542            0
 33 15,501,685,126       15,465,496       15,441,130        24,366            0
 34 15,897,170,747       15,101,968       15,096,493         5,475            0
 35 16,462,885,917       15,102,968       15,097,455         5,513            0
 36 17,024,501,735       17,683,904       17,545,722       138,182            0
 37 17,795,887,120       15,101,968       15,096,493         5,475            0
 38 18,361,602,154       15,102,968       15,097,455         5,513            0
 39 19,110,423,762       17,028,448       16,924,151       104,297            0
 40 19,884,935,984       15,101,896       15,096,429         5,467            0
 41 20,634,705,210       17,925,352       17,774,951       150,401            0
 42 21,196,321,430       16,432,936       16,359,452        73,484            0
 43 21,969,886,033       15,101,896       15,096,429         5,467            0
 44 22,345,244,402       15,102,968       15,097,455         5,513            0
99.96% (15,097,455B) (heap allocation functions) malloc/new/new[], --alloc-fns, etc.
->79.45% (11,999,133B) 0x1299E3: allocate (new_allocator.h:151)
| ->79.45% (11,999,133B) 0x1299E3: allocate (allocator.h:196)
|   ->79.45% (11,999,133B) 0x1299E3: allocate (alloc_traits.h:515)
|     ->79.45% (11,999,133B) 0x1299E3: _S_allocate (basic_string.h:131)
|       ->79.45% (11,999,133B) 0x1299E3: _M_create (basic_string.tcc:159)
|         ->79.45% (11,999,133B) 0x1299E3: std::__cxx11::basic_string<char, std::char_traits<char>, std::allocator<char> >::_M_mutate(unsigned long, unsigned long, char const*, unsigned long) (basic_string.tcc:332)
|           ->32.44% (4,898,817B) 0x13014F: _M_append (basic_string.tcc:424)
|           | ->32.44% (4,898,817B) 0x13014F: append (basic_string.h:1470)
|           |   ->32.44% (4,898,817B) 0x13014F: append<std::basic_string_view<char, std::char_traits<char> > > (basic_string.h:1544)
|           |     ->32.44% (4,898,817B) 0x13014F: TaskBuilder::copyRequestWithId(std::basic_string_view<char, std::char_traits<char> >, long) (???:54)
|           |       ->32.44% (4,898,817B) 0x12FBB1: TaskBuilder::createSubtask(Lines2&) (client_src/TaskBuilder.cpp:70)
|           |         ->32.44% (4,898,817B) 0x12F94A: TaskBuilder::run() (client_src/TaskBuilder.cpp:25)
|           |           ->32.44% (4,898,817B) 0x193DD6: operator() (common/ThreadPoolBase.cpp:69)
|           |             ->32.44% (4,898,817B) 0x193DD6: __invoke_impl<void, (lambda at common/ThreadPoolBase.cpp:55:25)> (invoke.h:61)
|           |               ->32.44% (4,898,817B) 0x193DD6: __invoke<(lambda at common/ThreadPoolBase.cpp:55:25)> (invoke.h:96)
|           |                 ->32.44% (4,898,817B) 0x193DD6: _M_invoke<0UL> (std_thread.h:301)
|           |                   ->32.44% (4,898,817B) 0x193DD6: operator() (std_thread.h:308)
|           |                     ->32.44% (4,898,817B) 0x193DD6: std::thread::_State_impl<std::thread::_Invoker<std::tuple<ThreadPoolBase::createThread()::$_0> > >::_M_run() (std_thread.h:253)
|           |                       ->32.44% (4,898,817B) 0x4F16323: ??? (in /usr/lib/x86_64-linux-gnu/libstdc++.so.6.0.34)
|           |                         ->32.44% (4,898,817B) 0x52777F0: start_thread (pthread_create.c:448)
|           |                           ->32.44% (4,898,817B) 0x5308943: clone (clone.S:100)
|           |                             
|           ->17.85% (2,695,283B) 0x1321F3: _M_replace_aux (basic_string.tcc:468)
|           | ->17.85% (2,695,283B) 0x1321F3: append (basic_string.h:1499)
|           |   ->17.85% (2,695,283B) 0x1321F3: resize (basic_string.tcc:405)
|           |     ->17.85% (2,695,283B) 0x1321F3: resize (basic_string.h:1119)
|           |       ->17.85% (2,695,283B) 0x1321F3: void compressionLZ4::compress<std::__cxx11::basic_string<char, std::char_traits<char>, std::allocator<char> > >(std::__cxx11::basic_string<char, std::char_traits<char>, std::allocator<char> >&, std::__cxx11::basic_string<char, std::char_traits<char>, std::allocator<char> >&) (CompressionLZ4.h:22)
|           |         ->17.85% (2,695,283B) 0x13093F: std::basic_string_view<char, std::char_traits<char> > compressEncrypt<std::variant<std::shared_ptr<CryptoPlPl>, std::shared_ptr<CryptoSodium> >, std::__cxx11::basic_string<char, std::char_traits<char>, std::allocator<char> > >(std::variant<std::shared_ptr<CryptoPlPl>, std::shared_ptr<CryptoSodium> >&, std::__cxx11::basic_string<char, std::char_traits<char>, std::allocator<char> >&, std::tuple<HEADERTYPE, unsigned long, unsigned long, COMPRESSORS, DIAGNOSTICS, STATUS, unsigned long> const&, std::__cxx11::basic_string<char, std::char_traits<char>, std::allocator<char> >&, bool, int) (EncryptorTemplates.h:31)
|           |           ->17.85% (2,695,283B) 0x130331: TaskBuilder::compressEncryptSubtask(bool) (client_src/TaskBuilder.cpp:93)
|           |             ->17.85% (2,695,283B) 0x12F94A: TaskBuilder::run() (client_src/TaskBuilder.cpp:25)
|           |               ->17.85% (2,695,283B) 0x193DD6: operator() (common/ThreadPoolBase.cpp:69)
|           |                 ->17.85% (2,695,283B) 0x193DD6: __invoke_impl<void, (lambda at common/ThreadPoolBase.cpp:55:25)> (invoke.h:61)
|           |                   ->17.85% (2,695,283B) 0x193DD6: __invoke<(lambda at common/ThreadPoolBase.cpp:55:25)> (invoke.h:96)
|           |                     ->17.85% (2,695,283B) 0x193DD6: _M_invoke<0UL> (std_thread.h:301)
|           |                       ->17.85% (2,695,283B) 0x193DD6: operator() (std_thread.h:308)
|           |                         ->17.85% (2,695,283B) 0x193DD6: std::thread::_State_impl<std::thread::_Invoker<std::tuple<ThreadPoolBase::createThread()::$_0> > >::_M_run() (std_thread.h:253)
|           |                           ->17.85% (2,695,283B) 0x4F16323: ??? (in /usr/lib/x86_64-linux-gnu/libstdc++.so.6.0.34)
|           |                             ->17.85% (2,695,283B) 0x52777F0: start_thread (pthread_create.c:448)
|           |                               ->17.85% (2,695,283B) 0x5308943: clone (clone.S:100)
|           |                                 
|           ->17.39% (2,625,839B) 0x160E83: _M_replace_aux (basic_string.tcc:468)
|           | ->17.39% (2,625,839B) 0x160E83: append (basic_string.h:1499)
|           |   ->17.39% (2,625,839B) 0x160E83: resize (basic_string.tcc:405)
|           |     ->17.39% (2,625,839B) 0x160E83: resize (basic_string.h:1119)
|           |       ->17.39% (2,625,839B) 0x160E83: void utility::readFile<std::__cxx11::basic_string<char, std::char_traits<char>, std::allocator<char> > >(std::basic_string_view<char, std::char_traits<char> >, std::__cxx11::basic_string<char, std::char_traits<char>, std::allocator<char> >&) (Utility.h:98)
|           |         ->17.39% (2,625,839B) 0x18A049: FileLines2::FileLines2(std::basic_string_view<char, std::char_traits<char> >, char, bool) (common/FileLines2.cpp:14)
|           |         | ->17.39% (2,625,839B) 0x12F93E: TaskBuilder::run() (client_src/TaskBuilder.cpp:24)
|           |         |   ->17.39% (2,625,839B) 0x193DD6: operator() (common/ThreadPoolBase.cpp:69)
|           |         |     ->17.39% (2,625,839B) 0x193DD6: __invoke_impl<void, (lambda at common/ThreadPoolBase.cpp:55:25)> (invoke.h:61)
|           |         |       ->17.39% (2,625,839B) 0x193DD6: __invoke<(lambda at common/ThreadPoolBase.cpp:55:25)> (invoke.h:96)
|           |         |         ->17.39% (2,625,839B) 0x193DD6: _M_invoke<0UL> (std_thread.h:301)
|           |         |           ->17.39% (2,625,839B) 0x193DD6: operator() (std_thread.h:308)
|           |         |             ->17.39% (2,625,839B) 0x193DD6: std::thread::_State_impl<std::thread::_Invoker<std::tuple<ThreadPoolBase::createThread()::$_0> > >::_M_run() (std_thread.h:253)
|           |         |               ->17.39% (2,625,839B) 0x4F16323: ??? (in /usr/lib/x86_64-linux-gnu/libstdc++.so.6.0.34)
|           |         |                 ->17.39% (2,625,839B) 0x52777F0: start_thread (pthread_create.c:448)
|           |         |                   ->17.39% (2,625,839B) 0x5308943: clone (clone.S:100)
|           |         |                     
|           |         ->00.00% (0B) in 1+ places, all below ms_print's threshold (01.00%)
|           |         
|           ->11.34% (1,713,286B) 0x129B67: std::__cxx11::basic_string<char, std::char_traits<char>, std::allocator<char> >::_M_replace(unsigned long, unsigned long, char const*, unsigned long) (basic_string.tcc:548)
|           | ->10.36% (1,565,382B) 0x1303D6: assign (basic_string.h:1678)
|           | | ->10.36% (1,565,382B) 0x1303D6: assign<std::basic_string_view<char, std::char_traits<char> > > (basic_string.h:1790)
|           | |   ->10.36% (1,565,382B) 0x1303D6: TaskBuilder::compressEncryptSubtask(bool) (???:98)
|           | |     ->10.36% (1,565,382B) 0x12F94A: TaskBuilder::run() (client_src/TaskBuilder.cpp:25)
|           | |       ->10.36% (1,565,382B) 0x193DD6: operator() (common/ThreadPoolBase.cpp:69)
|           | |         ->10.36% (1,565,382B) 0x193DD6: __invoke_impl<void, (lambda at common/ThreadPoolBase.cpp:55:25)> (invoke.h:61)
|           | |           ->10.36% (1,565,382B) 0x193DD6: __invoke<(lambda at common/ThreadPoolBase.cpp:55:25)> (invoke.h:96)
|           | |             ->10.36% (1,565,382B) 0x193DD6: _M_invoke<0UL> (std_thread.h:301)
|           | |               ->10.36% (1,565,382B) 0x193DD6: operator() (std_thread.h:308)
|           | |                 ->10.36% (1,565,382B) 0x193DD6: std::thread::_State_impl<std::thread::_Invoker<std::tuple<ThreadPoolBase::createThread()::$_0> > >::_M_run() (std_thread.h:253)
|           | |                   ->10.36% (1,565,382B) 0x4F16323: ??? (in /usr/lib/x86_64-linux-gnu/libstdc++.so.6.0.34)
|           | |                     ->10.36% (1,565,382B) 0x52777F0: start_thread (pthread_create.c:448)
|           | |                       ->10.36% (1,565,382B) 0x5308943: clone (clone.S:100)
|           | |                         
|           | ->00.98% (147,904B) in 1+ places, all below ms_print's threshold (01.00%)
|           | 
|           ->00.44% (65,908B) in 1+ places, all below ms_print's threshold (01.00%)
|           
->19.87% (3,001,027B) 0x12514A: allocate (new_allocator.h:151)
| ->19.87% (3,001,027B) 0x12514A: allocate (allocator.h:196)
|   ->19.87% (3,001,027B) 0x12514A: allocate (alloc_traits.h:515)
|     ->19.87% (3,001,027B) 0x12514A: _S_allocate (basic_string.h:131)
|       ->19.87% (3,001,027B) 0x12514A: _M_create (basic_string.tcc:159)
|         ->19.87% (3,001,027B) 0x12514A: std::__cxx11::basic_string<char, std::char_traits<char>, std::allocator<char> >::reserve(unsigned long) (basic_string.tcc:315)
|           ->19.86% (3,000,001B) 0x122CA3: Client::Client() (client_src/Client.cpp:19)
|           | ->19.86% (3,000,001B) 0x132E73: tcp::TcpClient::TcpClient() (client_src/TcpClient.cpp:9)
|           |   ->19.86% (3,000,001B) 0x12B334: main (client_src/ClientMain.cpp:43)
|           |     
|           ->00.01% (1,026B) in 1+ places, all below ms_print's threshold (01.00%)
|           
->00.64% (97,295B) in 1+ places, all below ms_print's threshold (01.00%)

--------------------------------------------------------------------------------
  n        time(i)         total(B)   useful-heap(B) extra-heap(B)    stacks(B)
--------------------------------------------------------------------------------
 45 23,094,065,321       17,028,872       16,924,535       104,337            0
 46 23,868,578,845       15,101,896       15,096,429         5,467            0
 47 24,243,937,519       15,102,968       15,097,455         5,513            0
99.96% (15,097,455B) (heap allocation functions) malloc/new/new[], --alloc-fns, etc.
->79.45% (11,999,133B) 0x1299E3: allocate (new_allocator.h:151)
| ->79.45% (11,999,133B) 0x1299E3: allocate (allocator.h:196)
|   ->79.45% (11,999,133B) 0x1299E3: allocate (alloc_traits.h:515)
|     ->79.45% (11,999,133B) 0x1299E3: _S_allocate (basic_string.h:131)
|       ->79.45% (11,999,133B) 0x1299E3: _M_create (basic_string.tcc:159)
|         ->79.45% (11,999,133B) 0x1299E3: std::__cxx11::basic_string<char, std::char_traits<char>, std::allocator<char> >::_M_mutate(unsigned long, unsigned long, char const*, unsigned long) (basic_string.tcc:332)
|           ->32.44% (4,898,817B) 0x13014F: _M_append (basic_string.tcc:424)
|           | ->32.44% (4,898,817B) 0x13014F: append (basic_string.h:1470)
|           |   ->32.44% (4,898,817B) 0x13014F: append<std::basic_string_view<char, std::char_traits<char> > > (basic_string.h:1544)
|           |     ->32.44% (4,898,817B) 0x13014F: TaskBuilder::copyRequestWithId(std::basic_string_view<char, std::char_traits<char> >, long) (???:54)
|           |       ->32.44% (4,898,817B) 0x12FBB1: TaskBuilder::createSubtask(Lines2&) (client_src/TaskBuilder.cpp:70)
|           |         ->32.44% (4,898,817B) 0x12F94A: TaskBuilder::run() (client_src/TaskBuilder.cpp:25)
|           |           ->32.44% (4,898,817B) 0x193DD6: operator() (common/ThreadPoolBase.cpp:69)
|           |             ->32.44% (4,898,817B) 0x193DD6: __invoke_impl<void, (lambda at common/ThreadPoolBase.cpp:55:25)> (invoke.h:61)
|           |               ->32.44% (4,898,817B) 0x193DD6: __invoke<(lambda at common/ThreadPoolBase.cpp:55:25)> (invoke.h:96)
|           |                 ->32.44% (4,898,817B) 0x193DD6: _M_invoke<0UL> (std_thread.h:301)
|           |                   ->32.44% (4,898,817B) 0x193DD6: operator() (std_thread.h:308)
|           |                     ->32.44% (4,898,817B) 0x193DD6: std::thread::_State_impl<std::thread::_Invoker<std::tuple<ThreadPoolBase::createThread()::$_0> > >::_M_run() (std_thread.h:253)
|           |                       ->32.44% (4,898,817B) 0x4F16323: ??? (in /usr/lib/x86_64-linux-gnu/libstdc++.so.6.0.34)
|           |                         ->32.44% (4,898,817B) 0x52777F0: start_thread (pthread_create.c:448)
|           |                           ->32.44% (4,898,817B) 0x5308943: clone (clone.S:100)
|           |                             
|           ->17.85% (2,695,283B) 0x1321F3: _M_replace_aux (basic_string.tcc:468)
|           | ->17.85% (2,695,283B) 0x1321F3: append (basic_string.h:1499)
|           |   ->17.85% (2,695,283B) 0x1321F3: resize (basic_string.tcc:405)
|           |     ->17.85% (2,695,283B) 0x1321F3: resize (basic_string.h:1119)
|           |       ->17.85% (2,695,283B) 0x1321F3: void compressionLZ4::compress<std::__cxx11::basic_string<char, std::char_traits<char>, std::allocator<char> > >(std::__cxx11::basic_string<char, std::char_traits<char>, std::allocator<char> >&, std::__cxx11::basic_string<char, std::char_traits<char>, std::allocator<char> >&) (CompressionLZ4.h:22)
|           |         ->17.85% (2,695,283B) 0x13093F: std::basic_string_view<char, std::char_traits<char> > compressEncrypt<std::variant<std::shared_ptr<CryptoPlPl>, std::shared_ptr<CryptoSodium> >, std::__cxx11::basic_string<char, std::char_traits<char>, std::allocator<char> > >(std::variant<std::shared_ptr<CryptoPlPl>, std::shared_ptr<CryptoSodium> >&, std::__cxx11::basic_string<char, std::char_traits<char>, std::allocator<char> >&, std::tuple<HEADERTYPE, unsigned long, unsigned long, COMPRESSORS, DIAGNOSTICS, STATUS, unsigned long> const&, std::__cxx11::basic_string<char, std::char_traits<char>, std::allocator<char> >&, bool, int) (EncryptorTemplates.h:31)
|           |           ->17.85% (2,695,283B) 0x130331: TaskBuilder::compressEncryptSubtask(bool) (client_src/TaskBuilder.cpp:93)
|           |             ->17.85% (2,695,283B) 0x12F94A: TaskBuilder::run() (client_src/TaskBuilder.cpp:25)
|           |               ->17.85% (2,695,283B) 0x193DD6: operator() (common/ThreadPoolBase.cpp:69)
|           |                 ->17.85% (2,695,283B) 0x193DD6: __invoke_impl<void, (lambda at common/ThreadPoolBase.cpp:55:25)> (invoke.h:61)
|           |                   ->17.85% (2,695,283B) 0x193DD6: __invoke<(lambda at common/ThreadPoolBase.cpp:55:25)> (invoke.h:96)
|           |                     ->17.85% (2,695,283B) 0x193DD6: _M_invoke<0UL> (std_thread.h:301)
|           |                       ->17.85% (2,695,283B) 0x193DD6: operator() (std_thread.h:308)
|           |                         ->17.85% (2,695,283B) 0x193DD6: std::thread::_State_impl<std::thread::_Invoker<std::tuple<ThreadPoolBase::createThread()::$_0> > >::_M_run() (std_thread.h:253)
|           |                           ->17.85% (2,695,283B) 0x4F16323: ??? (in /usr/lib/x86_64-linux-gnu/libstdc++.so.6.0.34)
|           |                             ->17.85% (2,695,283B) 0x52777F0: start_thread (pthread_create.c:448)
|           |                               ->17.85% (2,695,283B) 0x5308943: clone (clone.S:100)
|           |                                 
|           ->17.39% (2,625,839B) 0x160E83: _M_replace_aux (basic_string.tcc:468)
|           | ->17.39% (2,625,839B) 0x160E83: append (basic_string.h:1499)
|           |   ->17.39% (2,625,839B) 0x160E83: resize (basic_string.tcc:405)
|           |     ->17.39% (2,625,839B) 0x160E83: resize (basic_string.h:1119)
|           |       ->17.39% (2,625,839B) 0x160E83: void utility::readFile<std::__cxx11::basic_string<char, std::char_traits<char>, std::allocator<char> > >(std::basic_string_view<char, std::char_traits<char> >, std::__cxx11::basic_string<char, std::char_traits<char>, std::allocator<char> >&) (Utility.h:98)
|           |         ->17.39% (2,625,839B) 0x18A049: FileLines2::FileLines2(std::basic_string_view<char, std::char_traits<char> >, char, bool) (common/FileLines2.cpp:14)
|           |         | ->17.39% (2,625,839B) 0x12F93E: TaskBuilder::run() (client_src/TaskBuilder.cpp:24)
|           |         |   ->17.39% (2,625,839B) 0x193DD6: operator() (common/ThreadPoolBase.cpp:69)
|           |         |     ->17.39% (2,625,839B) 0x193DD6: __invoke_impl<void, (lambda at common/ThreadPoolBase.cpp:55:25)> (invoke.h:61)
|           |         |       ->17.39% (2,625,839B) 0x193DD6: __invoke<(lambda at common/ThreadPoolBase.cpp:55:25)> (invoke.h:96)
|           |         |         ->17.39% (2,625,839B) 0x193DD6: _M_invoke<0UL> (std_thread.h:301)
|           |         |           ->17.39% (2,625,839B) 0x193DD6: operator() (std_thread.h:308)
|           |         |             ->17.39% (2,625,839B) 0x193DD6: std::thread::_State_impl<std::thread::_Invoker<std::tuple<ThreadPoolBase::createThread()::$_0> > >::_M_run() (std_thread.h:253)
|           |         |               ->17.39% (2,625,839B) 0x4F16323: ??? (in /usr/lib/x86_64-linux-gnu/libstdc++.so.6.0.34)
|           |         |                 ->17.39% (2,625,839B) 0x52777F0: start_thread (pthread_create.c:448)
|           |         |                   ->17.39% (2,625,839B) 0x5308943: clone (clone.S:100)
|           |         |                     
|           |         ->00.00% (0B) in 1+ places, all below ms_print's threshold (01.00%)
|           |         
|           ->11.34% (1,713,286B) 0x129B67: std::__cxx11::basic_string<char, std::char_traits<char>, std::allocator<char> >::_M_replace(unsigned long, unsigned long, char const*, unsigned long) (basic_string.tcc:548)
|           | ->10.36% (1,565,382B) 0x1303D6: assign (basic_string.h:1678)
|           | | ->10.36% (1,565,382B) 0x1303D6: assign<std::basic_string_view<char, std::char_traits<char> > > (basic_string.h:1790)
|           | |   ->10.36% (1,565,382B) 0x1303D6: TaskBuilder::compressEncryptSubtask(bool) (???:98)
|           | |     ->10.36% (1,565,382B) 0x12F94A: TaskBuilder::run() (client_src/TaskBuilder.cpp:25)
|           | |       ->10.36% (1,565,382B) 0x193DD6: operator() (common/ThreadPoolBase.cpp:69)
|           | |         ->10.36% (1,565,382B) 0x193DD6: __invoke_impl<void, (lambda at common/ThreadPoolBase.cpp:55:25)> (invoke.h:61)
|           | |           ->10.36% (1,565,382B) 0x193DD6: __invoke<(lambda at common/ThreadPoolBase.cpp:55:25)> (invoke.h:96)
|           | |             ->10.36% (1,565,382B) 0x193DD6: _M_invoke<0UL> (std_thread.h:301)
|           | |               ->10.36% (1,565,382B) 0x193DD6: operator() (std_thread.h:308)
|           | |                 ->10.36% (1,565,382B) 0x193DD6: std::thread::_State_impl<std::thread::_Invoker<std::tuple<ThreadPoolBase::createThread()::$_0> > >::_M_run() (std_thread.h:253)
|           | |                   ->10.36% (1,565,382B) 0x4F16323: ??? (in /usr/lib/x86_64-linux-gnu/libstdc++.so.6.0.34)
|           | |                     ->10.36% (1,565,382B) 0x52777F0: start_thread (pthread_create.c:448)
|           | |                       ->10.36% (1,565,382B) 0x5308943: clone (clone.S:100)
|           | |                         
|           | ->00.98% (147,904B) in 1+ places, all below ms_print's threshold (01.00%)
|           | 
|           ->00.44% (65,908B) in 1+ places, all below ms_print's threshold (01.00%)
|           
->19.87% (3,001,027B) 0x12514A: allocate (new_allocator.h:151)
| ->19.87% (3,001,027B) 0x12514A: allocate (allocator.h:196)
|   ->19.87% (3,001,027B) 0x12514A: allocate (alloc_traits.h:515)
|     ->19.87% (3,001,027B) 0x12514A: _S_allocate (basic_string.h:131)
|       ->19.87% (3,001,027B) 0x12514A: _M_create (basic_string.tcc:159)
|         ->19.87% (3,001,027B) 0x12514A: std::__cxx11::basic_string<char, std::char_traits<char>, std::allocator<char> >::reserve(unsigned long) (basic_string.tcc:315)
|           ->19.86% (3,000,001B) 0x122CA3: Client::Client() (client_src/Client.cpp:19)
|           | ->19.86% (3,000,001B) 0x132E73: tcp::TcpClient::TcpClient() (client_src/TcpClient.cpp:9)
|           |   ->19.86% (3,000,001B) 0x12B334: main (client_src/ClientMain.cpp:43)
|           |     
|           ->00.01% (1,026B) in 1+ places, all below ms_print's threshold (01.00%)
|           
->00.64% (97,295B) in 1+ places, all below ms_print's threshold (01.00%)

--------------------------------------------------------------------------------
  n        time(i)         total(B)   useful-heap(B) extra-heap(B)    stacks(B)
--------------------------------------------------------------------------------
 48 24,992,758,723       17,029,384       16,925,046       104,338            0
 49 25,367,169,539       15,730,664       15,692,786        37,878            0
 50 25,702,232,793       15,731,696       15,693,744        37,952            0
 51 26,037,295,837       15,730,664       15,692,786        37,878            0
 52 26,372,358,987       15,746,912       15,708,145        38,767            0
 53 26,707,422,014       15,746,112       15,707,403        38,709            0
99.75% (15,707,403B) (heap allocation functions) malloc/new/new[], --alloc-fns, etc.
->76.20% (11,999,133B) 0x1299E3: allocate (new_allocator.h:151)
| ->76.20% (11,999,133B) 0x1299E3: allocate (allocator.h:196)
|   ->76.20% (11,999,133B) 0x1299E3: allocate (alloc_traits.h:515)
|     ->76.20% (11,999,133B) 0x1299E3: _S_allocate (basic_string.h:131)
|       ->76.20% (11,999,133B) 0x1299E3: _M_create (basic_string.tcc:159)
|         ->76.20% (11,999,133B) 0x1299E3: std::__cxx11::basic_string<char, std::char_traits<char>, std::allocator<char> >::_M_mutate(unsigned long, unsigned long, char const*, unsigned long) (basic_string.tcc:332)
|           ->31.11% (4,898,817B) 0x13014F: _M_append (basic_string.tcc:424)
|           | ->31.11% (4,898,817B) 0x13014F: append (basic_string.h:1470)
|           |   ->31.11% (4,898,817B) 0x13014F: append<std::basic_string_view<char, std::char_traits<char> > > (basic_string.h:1544)
|           |     ->31.11% (4,898,817B) 0x13014F: TaskBuilder::copyRequestWithId(std::basic_string_view<char, std::char_traits<char> >, long) (???:54)
|           |       ->31.11% (4,898,817B) 0x12FBB1: TaskBuilder::createSubtask(Lines2&) (client_src/TaskBuilder.cpp:70)
|           |         ->31.11% (4,898,817B) 0x12F94A: TaskBuilder::run() (client_src/TaskBuilder.cpp:25)
|           |           ->31.11% (4,898,817B) 0x193DD6: operator() (common/ThreadPoolBase.cpp:69)
|           |             ->31.11% (4,898,817B) 0x193DD6: __invoke_impl<void, (lambda at common/ThreadPoolBase.cpp:55:25)> (invoke.h:61)
|           |               ->31.11% (4,898,817B) 0x193DD6: __invoke<(lambda at common/ThreadPoolBase.cpp:55:25)> (invoke.h:96)
|           |                 ->31.11% (4,898,817B) 0x193DD6: _M_invoke<0UL> (std_thread.h:301)
|           |                   ->31.11% (4,898,817B) 0x193DD6: operator() (std_thread.h:308)
|           |                     ->31.11% (4,898,817B) 0x193DD6: std::thread::_State_impl<std::thread::_Invoker<std::tuple<ThreadPoolBase::createThread()::$_0> > >::_M_run() (std_thread.h:253)
|           |                       ->31.11% (4,898,817B) 0x4F16323: ??? (in /usr/lib/x86_64-linux-gnu/libstdc++.so.6.0.34)
|           |                         ->31.11% (4,898,817B) 0x52777F0: start_thread (pthread_create.c:448)
|           |                           ->31.11% (4,898,817B) 0x5308943: clone (clone.S:100)
|           |                             
|           ->17.12% (2,695,283B) 0x1321F3: _M_replace_aux (basic_string.tcc:468)
|           | ->17.12% (2,695,283B) 0x1321F3: append (basic_string.h:1499)
|           |   ->17.12% (2,695,283B) 0x1321F3: resize (basic_string.tcc:405)
|           |     ->17.12% (2,695,283B) 0x1321F3: resize (basic_string.h:1119)
|           |       ->17.12% (2,695,283B) 0x1321F3: void compressionLZ4::compress<std::__cxx11::basic_string<char, std::char_traits<char>, std::allocator<char> > >(std::__cxx11::basic_string<char, std::char_traits<char>, std::allocator<char> >&, std::__cxx11::basic_string<char, std::char_traits<char>, std::allocator<char> >&) (CompressionLZ4.h:22)
|           |         ->17.12% (2,695,283B) 0x13093F: std::basic_string_view<char, std::char_traits<char> > compressEncrypt<std::variant<std::shared_ptr<CryptoPlPl>, std::shared_ptr<CryptoSodium> >, std::__cxx11::basic_string<char, std::char_traits<char>, std::allocator<char> > >(std::variant<std::shared_ptr<CryptoPlPl>, std::shared_ptr<CryptoSodium> >&, std::__cxx11::basic_string<char, std::char_traits<char>, std::allocator<char> >&, std::tuple<HEADERTYPE, unsigned long, unsigned long, COMPRESSORS, DIAGNOSTICS, STATUS, unsigned long> const&, std::__cxx11::basic_string<char, std::char_traits<char>, std::allocator<char> >&, bool, int) (EncryptorTemplates.h:31)
|           |           ->17.12% (2,695,283B) 0x130331: TaskBuilder::compressEncryptSubtask(bool) (client_src/TaskBuilder.cpp:93)
|           |             ->17.12% (2,695,283B) 0x12F94A: TaskBuilder::run() (client_src/TaskBuilder.cpp:25)
|           |               ->17.12% (2,695,283B) 0x193DD6: operator() (common/ThreadPoolBase.cpp:69)
|           |                 ->17.12% (2,695,283B) 0x193DD6: __invoke_impl<void, (lambda at common/ThreadPoolBase.cpp:55:25)> (invoke.h:61)
|           |                   ->17.12% (2,695,283B) 0x193DD6: __invoke<(lambda at common/ThreadPoolBase.cpp:55:25)> (invoke.h:96)
|           |                     ->17.12% (2,695,283B) 0x193DD6: _M_invoke<0UL> (std_thread.h:301)
|           |                       ->17.12% (2,695,283B) 0x193DD6: operator() (std_thread.h:308)
|           |                         ->17.12% (2,695,283B) 0x193DD6: std::thread::_State_impl<std::thread::_Invoker<std::tuple<ThreadPoolBase::createThread()::$_0> > >::_M_run() (std_thread.h:253)
|           |                           ->17.12% (2,695,283B) 0x4F16323: ??? (in /usr/lib/x86_64-linux-gnu/libstdc++.so.6.0.34)
|           |                             ->17.12% (2,695,283B) 0x52777F0: start_thread (pthread_create.c:448)
|           |                               ->17.12% (2,695,283B) 0x5308943: clone (clone.S:100)
|           |                                 
|           ->16.68% (2,625,839B) 0x160E83: _M_replace_aux (basic_string.tcc:468)
|           | ->16.68% (2,625,839B) 0x160E83: append (basic_string.h:1499)
|           |   ->16.68% (2,625,839B) 0x160E83: resize (basic_string.tcc:405)
|           |     ->16.68% (2,625,839B) 0x160E83: resize (basic_string.h:1119)
|           |       ->16.68% (2,625,839B) 0x160E83: void utility::readFile<std::__cxx11::basic_string<char, std::char_traits<char>, std::allocator<char> > >(std::basic_string_view<char, std::char_traits<char> >, std::__cxx11::basic_string<char, std::char_traits<char>, std::allocator<char> >&) (Utility.h:98)
|           |         ->16.68% (2,625,839B) 0x18A049: FileLines2::FileLines2(std::basic_string_view<char, std::char_traits<char> >, char, bool) (common/FileLines2.cpp:14)
|           |         | ->16.68% (2,625,839B) 0x12F93E: TaskBuilder::run() (client_src/TaskBuilder.cpp:24)
|           |         |   ->16.68% (2,625,839B) 0x193DD6: operator() (common/ThreadPoolBase.cpp:69)
|           |         |     ->16.68% (2,625,839B) 0x193DD6: __invoke_impl<void, (lambda at common/ThreadPoolBase.cpp:55:25)> (invoke.h:61)
|           |         |       ->16.68% (2,625,839B) 0x193DD6: __invoke<(lambda at common/ThreadPoolBase.cpp:55:25)> (invoke.h:96)
|           |         |         ->16.68% (2,625,839B) 0x193DD6: _M_invoke<0UL> (std_thread.h:301)
|           |         |           ->16.68% (2,625,839B) 0x193DD6: operator() (std_thread.h:308)
|           |         |             ->16.68% (2,625,839B) 0x193DD6: std::thread::_State_impl<std::thread::_Invoker<std::tuple<ThreadPoolBase::createThread()::$_0> > >::_M_run() (std_thread.h:253)
|           |         |               ->16.68% (2,625,839B) 0x4F16323: ??? (in /usr/lib/x86_64-linux-gnu/libstdc++.so.6.0.34)
|           |         |                 ->16.68% (2,625,839B) 0x52777F0: start_thread (pthread_create.c:448)
|           |         |                   ->16.68% (2,625,839B) 0x5308943: clone (clone.S:100)
|           |         |                     
|           |         ->00.00% (0B) in 1+ places, all below ms_print's threshold (01.00%)
|           |         
|           ->10.88% (1,713,286B) 0x129B67: std::__cxx11::basic_string<char, std::char_traits<char>, std::allocator<char> >::_M_replace(unsigned long, unsigned long, char const*, unsigned long) (basic_string.tcc:548)
|           | ->09.94% (1,565,382B) 0x1303D6: assign (basic_string.h:1678)
|           | | ->09.94% (1,565,382B) 0x1303D6: assign<std::basic_string_view<char, std::char_traits<char> > > (basic_string.h:1790)
|           | |   ->09.94% (1,565,382B) 0x1303D6: TaskBuilder::compressEncryptSubtask(bool) (???:98)
|           | |     ->09.94% (1,565,382B) 0x12F94A: TaskBuilder::run() (client_src/TaskBuilder.cpp:25)
|           | |       ->09.94% (1,565,382B) 0x193DD6: operator() (common/ThreadPoolBase.cpp:69)
|           | |         ->09.94% (1,565,382B) 0x193DD6: __invoke_impl<void, (lambda at common/ThreadPoolBase.cpp:55:25)> (invoke.h:61)
|           | |           ->09.94% (1,565,382B) 0x193DD6: __invoke<(lambda at common/ThreadPoolBase.cpp:55:25)> (invoke.h:96)
|           | |             ->09.94% (1,565,382B) 0x193DD6: _M_invoke<0UL> (std_thread.h:301)
|           | |               ->09.94% (1,565,382B) 0x193DD6: operator() (std_thread.h:308)
|           | |                 ->09.94% (1,565,382B) 0x193DD6: std::thread::_State_impl<std::thread::_Invoker<std::tuple<ThreadPoolBase::createThread()::$_0> > >::_M_run() (std_thread.h:253)
|           | |                   ->09.94% (1,565,382B) 0x4F16323: ??? (in /usr/lib/x86_64-linux-gnu/libstdc++.so.6.0.34)
|           | |                     ->09.94% (1,565,382B) 0x52777F0: start_thread (pthread_create.c:448)
|           | |                       ->09.94% (1,565,382B) 0x5308943: clone (clone.S:100)
|           | |                         
|           | ->00.94% (147,904B) in 1+ places, all below ms_print's threshold (01.00%)
|           | 
|           ->00.42% (65,908B) in 1+ places, all below ms_print's threshold (01.00%)
|           
->19.05% (3,000,001B) 0x12514A: allocate (new_allocator.h:151)
| ->19.05% (3,000,001B) 0x12514A: allocate (allocator.h:196)
|   ->19.05% (3,000,001B) 0x12514A: allocate (alloc_traits.h:515)
|     ->19.05% (3,000,001B) 0x12514A: _S_allocate (basic_string.h:131)
|       ->19.05% (3,000,001B) 0x12514A: _M_create (basic_string.tcc:159)
|         ->19.05% (3,000,001B) 0x12514A: std::__cxx11::basic_string<char, std::char_traits<char>, std::allocator<char> >::reserve(unsigned long) (basic_string.tcc:315)
|           ->19.05% (3,000,001B) 0x122CA3: Client::Client() (client_src/Client.cpp:19)
|           | ->19.05% (3,000,001B) 0x132E73: tcp::TcpClient::TcpClient() (client_src/TcpClient.cpp:9)
|           |   ->19.05% (3,000,001B) 0x12B334: main (client_src/ClientMain.cpp:43)
|           |     
|           ->00.00% (0B) in 1+ places, all below ms_print's threshold (01.00%)
|           
->03.25% (511,905B) 0x18A596: allocate (new_allocator.h:151)
| ->03.25% (511,905B) 0x18A596: allocate (allocator.h:196)
|   ->03.25% (511,905B) 0x18A596: allocate (alloc_traits.h:515)
|     ->03.25% (511,905B) 0x18A596: _S_allocate (basic_string.h:131)
|       ->03.25% (511,905B) 0x18A596: _M_create (basic_string.tcc:159)
|         ->03.25% (511,905B) 0x18A596: _M_construct<const char *> (basic_string.tcc:229)
|           ->03.25% (511,905B) 0x18A596: basic_string<const char *, void> (basic_string.h:770)
|             ->03.25% (511,905B) 0x18A596: construct_at<std::__cxx11::basic_string<char, std::char_traits<char>, std::allocator<char> >, const char *, const char *> (stl_construct.h:97)
|               ->03.25% (511,905B) 0x18A596: construct<std::__cxx11::basic_string<char, std::char_traits<char>, std::allocator<char> >, const char *, const char *> (alloc_traits.h:577)
|                 ->03.25% (511,905B) 0x18A596: std::__cxx11::basic_string<char, std::char_traits<char>, std::allocator<char> >& std::deque<std::__cxx11::basic_string<char, std::char_traits<char>, std::allocator<char> >, std::allocator<std::__cxx11::basic_string<char, std::char_traits<char>, std::allocator<char> > > >::emplace_front<char const*, char const*>(char const*&&, char const*&&) (deque.tcc:145)
|                   ->03.25% (511,905B) 0x18A0F6: splitReversedOrder<std::deque<std::__cxx11::basic_string<char, std::char_traits<char>, std::allocator<char> >, std::allocator<std::__cxx11::basic_string<char, std::char_traits<char>, std::allocator<char> > > > > (Utility.h:54)
|                     ->03.25% (511,905B) 0x18A0F6: FileLines2::FileLines2(std::basic_string_view<char, std::char_traits<char> >, char, bool) (???:15)
|                       ->03.25% (511,905B) 0x12F93E: TaskBuilder::run() (client_src/TaskBuilder.cpp:24)
|                         ->03.25% (511,905B) 0x193DD6: operator() (common/ThreadPoolBase.cpp:69)
|                           ->03.25% (511,905B) 0x193DD6: __invoke_impl<void, (lambda at common/ThreadPoolBase.cpp:55:25)> (invoke.h:61)
|                             ->03.25% (511,905B) 0x193DD6: __invoke<(lambda at common/ThreadPoolBase.cpp:55:25)> (invoke.h:96)
|                               ->03.25% (511,905B) 0x193DD6: _M_invoke<0UL> (std_thread.h:301)
|                                 ->03.25% (511,905B) 0x193DD6: operator() (std_thread.h:308)
|                                   ->03.25% (511,905B) 0x193DD6: std::thread::_State_impl<std::thread::_Invoker<std::tuple<ThreadPoolBase::createThread()::$_0> > >::_M_run() (std_thread.h:253)
|                                     ->03.25% (511,905B) 0x4F16323: ??? (in /usr/lib/x86_64-linux-gnu/libstdc++.so.6.0.34)
|                                       ->03.25% (511,905B) 0x52777F0: start_thread (pthread_create.c:448)
|                                         ->03.25% (511,905B) 0x5308943: clone (clone.S:100)
|                                           
->01.25% (196,364B) in 62 places, all below massif's threshold (1.00%)
  
--------------------------------------------------------------------------------
  n        time(i)         total(B)   useful-heap(B) extra-heap(B)    stacks(B)
--------------------------------------------------------------------------------
 54 27,042,485,361       15,761,528       15,722,064        39,464            0
 55 27,377,548,530       15,761,200       15,721,777        39,423            0
 56 27,712,611,879       15,760,056       15,720,637        39,419            0
 57 28,047,675,277       15,776,672       15,736,492        40,180            0
 58 28,382,738,681       15,791,504       15,750,491        41,013            0
 59 28,717,802,125       15,798,984       15,757,632        41,352            0
 60 29,052,865,515       15,799,016       15,757,632        41,384            0
 61 29,387,928,538       15,799,344       15,757,979        41,365            0
 62 29,722,991,654       15,799,688       15,758,281        41,407            0
 63 30,058,054,773       15,815,400       15,773,171        42,229            0
99.73% (15,773,171B) (heap allocation functions) malloc/new/new[], --alloc-fns, etc.
->75.87% (11,999,133B) 0x1299E3: allocate (new_allocator.h:151)
| ->75.87% (11,999,133B) 0x1299E3: allocate (allocator.h:196)
|   ->75.87% (11,999,133B) 0x1299E3: allocate (alloc_traits.h:515)
|     ->75.87% (11,999,133B) 0x1299E3: _S_allocate (basic_string.h:131)
|       ->75.87% (11,999,133B) 0x1299E3: _M_create (basic_string.tcc:159)
|         ->75.87% (11,999,133B) 0x1299E3: std::__cxx11::basic_string<char, std::char_traits<char>, std::allocator<char> >::_M_mutate(unsigned long, unsigned long, char const*, unsigned long) (basic_string.tcc:332)
|           ->30.97% (4,898,817B) 0x13014F: _M_append (basic_string.tcc:424)
|           | ->30.97% (4,898,817B) 0x13014F: append (basic_string.h:1470)
|           |   ->30.97% (4,898,817B) 0x13014F: append<std::basic_string_view<char, std::char_traits<char> > > (basic_string.h:1544)
|           |     ->30.97% (4,898,817B) 0x13014F: TaskBuilder::copyRequestWithId(std::basic_string_view<char, std::char_traits<char> >, long) (???:54)
|           |       ->30.97% (4,898,817B) 0x12FBB1: TaskBuilder::createSubtask(Lines2&) (client_src/TaskBuilder.cpp:70)
|           |         ->30.97% (4,898,817B) 0x12F94A: TaskBuilder::run() (client_src/TaskBuilder.cpp:25)
|           |           ->30.97% (4,898,817B) 0x193DD6: operator() (common/ThreadPoolBase.cpp:69)
|           |             ->30.97% (4,898,817B) 0x193DD6: __invoke_impl<void, (lambda at common/ThreadPoolBase.cpp:55:25)> (invoke.h:61)
|           |               ->30.97% (4,898,817B) 0x193DD6: __invoke<(lambda at common/ThreadPoolBase.cpp:55:25)> (invoke.h:96)
|           |                 ->30.97% (4,898,817B) 0x193DD6: _M_invoke<0UL> (std_thread.h:301)
|           |                   ->30.97% (4,898,817B) 0x193DD6: operator() (std_thread.h:308)
|           |                     ->30.97% (4,898,817B) 0x193DD6: std::thread::_State_impl<std::thread::_Invoker<std::tuple<ThreadPoolBase::createThread()::$_0> > >::_M_run() (std_thread.h:253)
|           |                       ->30.97% (4,898,817B) 0x4F16323: ??? (in /usr/lib/x86_64-linux-gnu/libstdc++.so.6.0.34)
|           |                         ->30.97% (4,898,817B) 0x52777F0: start_thread (pthread_create.c:448)
|           |                           ->30.97% (4,898,817B) 0x5308943: clone (clone.S:100)
|           |                             
|           ->17.04% (2,695,283B) 0x1321F3: _M_replace_aux (basic_string.tcc:468)
|           | ->17.04% (2,695,283B) 0x1321F3: append (basic_string.h:1499)
|           |   ->17.04% (2,695,283B) 0x1321F3: resize (basic_string.tcc:405)
|           |     ->17.04% (2,695,283B) 0x1321F3: resize (basic_string.h:1119)
|           |       ->17.04% (2,695,283B) 0x1321F3: void compressionLZ4::compress<std::__cxx11::basic_string<char, std::char_traits<char>, std::allocator<char> > >(std::__cxx11::basic_string<char, std::char_traits<char>, std::allocator<char> >&, std::__cxx11::basic_string<char, std::char_traits<char>, std::allocator<char> >&) (CompressionLZ4.h:22)
|           |         ->17.04% (2,695,283B) 0x13093F: std::basic_string_view<char, std::char_traits<char> > compressEncrypt<std::variant<std::shared_ptr<CryptoPlPl>, std::shared_ptr<CryptoSodium> >, std::__cxx11::basic_string<char, std::char_traits<char>, std::allocator<char> > >(std::variant<std::shared_ptr<CryptoPlPl>, std::shared_ptr<CryptoSodium> >&, std::__cxx11::basic_string<char, std::char_traits<char>, std::allocator<char> >&, std::tuple<HEADERTYPE, unsigned long, unsigned long, COMPRESSORS, DIAGNOSTICS, STATUS, unsigned long> const&, std::__cxx11::basic_string<char, std::char_traits<char>, std::allocator<char> >&, bool, int) (EncryptorTemplates.h:31)
|           |           ->17.04% (2,695,283B) 0x130331: TaskBuilder::compressEncryptSubtask(bool) (client_src/TaskBuilder.cpp:93)
|           |             ->17.04% (2,695,283B) 0x12F94A: TaskBuilder::run() (client_src/TaskBuilder.cpp:25)
|           |               ->17.04% (2,695,283B) 0x193DD6: operator() (common/ThreadPoolBase.cpp:69)
|           |                 ->17.04% (2,695,283B) 0x193DD6: __invoke_impl<void, (lambda at common/ThreadPoolBase.cpp:55:25)> (invoke.h:61)
|           |                   ->17.04% (2,695,283B) 0x193DD6: __invoke<(lambda at common/ThreadPoolBase.cpp:55:25)> (invoke.h:96)
|           |                     ->17.04% (2,695,283B) 0x193DD6: _M_invoke<0UL> (std_thread.h:301)
|           |                       ->17.04% (2,695,283B) 0x193DD6: operator() (std_thread.h:308)
|           |                         ->17.04% (2,695,283B) 0x193DD6: std::thread::_State_impl<std::thread::_Invoker<std::tuple<ThreadPoolBase::createThread()::$_0> > >::_M_run() (std_thread.h:253)
|           |                           ->17.04% (2,695,283B) 0x4F16323: ??? (in /usr/lib/x86_64-linux-gnu/libstdc++.so.6.0.34)
|           |                             ->17.04% (2,695,283B) 0x52777F0: start_thread (pthread_create.c:448)
|           |                               ->17.04% (2,695,283B) 0x5308943: clone (clone.S:100)
|           |                                 
|           ->16.60% (2,625,839B) 0x160E83: _M_replace_aux (basic_string.tcc:468)
|           | ->16.60% (2,625,839B) 0x160E83: append (basic_string.h:1499)
|           |   ->16.60% (2,625,839B) 0x160E83: resize (basic_string.tcc:405)
|           |     ->16.60% (2,625,839B) 0x160E83: resize (basic_string.h:1119)
|           |       ->16.60% (2,625,839B) 0x160E83: void utility::readFile<std::__cxx11::basic_string<char, std::char_traits<char>, std::allocator<char> > >(std::basic_string_view<char, std::char_traits<char> >, std::__cxx11::basic_string<char, std::char_traits<char>, std::allocator<char> >&) (Utility.h:98)
|           |         ->16.60% (2,625,839B) 0x18A049: FileLines2::FileLines2(std::basic_string_view<char, std::char_traits<char> >, char, bool) (common/FileLines2.cpp:14)
|           |         | ->16.60% (2,625,839B) 0x12F93E: TaskBuilder::run() (client_src/TaskBuilder.cpp:24)
|           |         |   ->16.60% (2,625,839B) 0x193DD6: operator() (common/ThreadPoolBase.cpp:69)
|           |         |     ->16.60% (2,625,839B) 0x193DD6: __invoke_impl<void, (lambda at common/ThreadPoolBase.cpp:55:25)> (invoke.h:61)
|           |         |       ->16.60% (2,625,839B) 0x193DD6: __invoke<(lambda at common/ThreadPoolBase.cpp:55:25)> (invoke.h:96)
|           |         |         ->16.60% (2,625,839B) 0x193DD6: _M_invoke<0UL> (std_thread.h:301)
|           |         |           ->16.60% (2,625,839B) 0x193DD6: operator() (std_thread.h:308)
|           |         |             ->16.60% (2,625,839B) 0x193DD6: std::thread::_State_impl<std::thread::_Invoker<std::tuple<ThreadPoolBase::createThread()::$_0> > >::_M_run() (std_thread.h:253)
|           |         |               ->16.60% (2,625,839B) 0x4F16323: ??? (in /usr/lib/x86_64-linux-gnu/libstdc++.so.6.0.34)
|           |         |                 ->16.60% (2,625,839B) 0x52777F0: start_thread (pthread_create.c:448)
|           |         |                   ->16.60% (2,625,839B) 0x5308943: clone (clone.S:100)
|           |         |                     
|           |         ->00.00% (0B) in 1+ places, all below ms_print's threshold (01.00%)
|           |         
|           ->10.83% (1,713,286B) 0x129B67: std::__cxx11::basic_string<char, std::char_traits<char>, std::allocator<char> >::_M_replace(unsigned long, unsigned long, char const*, unsigned long) (basic_string.tcc:548)
|           | ->09.90% (1,565,382B) 0x1303D6: assign (basic_string.h:1678)
|           | | ->09.90% (1,565,382B) 0x1303D6: assign<std::basic_string_view<char, std::char_traits<char> > > (basic_string.h:1790)
|           | |   ->09.90% (1,565,382B) 0x1303D6: TaskBuilder::compressEncryptSubtask(bool) (???:98)
|           | |     ->09.90% (1,565,382B) 0x12F94A: TaskBuilder::run() (client_src/TaskBuilder.cpp:25)
|           | |       ->09.90% (1,565,382B) 0x193DD6: operator() (common/ThreadPoolBase.cpp:69)
|           | |         ->09.90% (1,565,382B) 0x193DD6: __invoke_impl<void, (lambda at common/ThreadPoolBase.cpp:55:25)> (invoke.h:61)
|           | |           ->09.90% (1,565,382B) 0x193DD6: __invoke<(lambda at common/ThreadPoolBase.cpp:55:25)> (invoke.h:96)
|           | |             ->09.90% (1,565,382B) 0x193DD6: _M_invoke<0UL> (std_thread.h:301)
|           | |               ->09.90% (1,565,382B) 0x193DD6: operator() (std_thread.h:308)
|           | |                 ->09.90% (1,565,382B) 0x193DD6: std::thread::_State_impl<std::thread::_Invoker<std::tuple<ThreadPoolBase::createThread()::$_0> > >::_M_run() (std_thread.h:253)
|           | |                   ->09.90% (1,565,382B) 0x4F16323: ??? (in /usr/lib/x86_64-linux-gnu/libstdc++.so.6.0.34)
|           | |                     ->09.90% (1,565,382B) 0x52777F0: start_thread (pthread_create.c:448)
|           | |                       ->09.90% (1,565,382B) 0x5308943: clone (clone.S:100)
|           | |                         
|           | ->00.94% (147,904B) in 1+ places, all below ms_print's threshold (01.00%)
|           | 
|           ->00.42% (65,908B) in 1+ places, all below ms_print's threshold (01.00%)
|           
->18.97% (3,000,001B) 0x12514A: allocate (new_allocator.h:151)
| ->18.97% (3,000,001B) 0x12514A: allocate (allocator.h:196)
|   ->18.97% (3,000,001B) 0x12514A: allocate (alloc_traits.h:515)
|     ->18.97% (3,000,001B) 0x12514A: _S_allocate (basic_string.h:131)
|       ->18.97% (3,000,001B) 0x12514A: _M_create (basic_string.tcc:159)
|         ->18.97% (3,000,001B) 0x12514A: std::__cxx11::basic_string<char, std::char_traits<char>, std::allocator<char> >::reserve(unsigned long) (basic_string.tcc:315)
|           ->18.97% (3,000,001B) 0x122CA3: Client::Client() (client_src/Client.cpp:19)
|           | ->18.97% (3,000,001B) 0x132E73: tcp::TcpClient::TcpClient() (client_src/TcpClient.cpp:9)
|           |   ->18.97% (3,000,001B) 0x12B334: main (client_src/ClientMain.cpp:43)
|           |     
|           ->00.00% (0B) in 1+ places, all below ms_print's threshold (01.00%)
|           
->03.59% (567,007B) 0x18A596: allocate (new_allocator.h:151)
| ->03.59% (567,007B) 0x18A596: allocate (allocator.h:196)
|   ->03.59% (567,007B) 0x18A596: allocate (alloc_traits.h:515)
|     ->03.59% (567,007B) 0x18A596: _S_allocate (basic_string.h:131)
|       ->03.59% (567,007B) 0x18A596: _M_create (basic_string.tcc:159)
|         ->03.59% (567,007B) 0x18A596: _M_construct<const char *> (basic_string.tcc:229)
|           ->03.59% (567,007B) 0x18A596: basic_string<const char *, void> (basic_string.h:770)
|             ->03.59% (567,007B) 0x18A596: construct_at<std::__cxx11::basic_string<char, std::char_traits<char>, std::allocator<char> >, const char *, const char *> (stl_construct.h:97)
|               ->03.59% (567,007B) 0x18A596: construct<std::__cxx11::basic_string<char, std::char_traits<char>, std::allocator<char> >, const char *, const char *> (alloc_traits.h:577)
|                 ->03.59% (567,007B) 0x18A596: std::__cxx11::basic_string<char, std::char_traits<char>, std::allocator<char> >& std::deque<std::__cxx11::basic_string<char, std::char_traits<char>, std::allocator<char> >, std::allocator<std::__cxx11::basic_string<char, std::char_traits<char>, std::allocator<char> > > >::emplace_front<char const*, char const*>(char const*&&, char const*&&) (deque.tcc:145)
|                   ->03.59% (567,007B) 0x18A0F6: splitReversedOrder<std::deque<std::__cxx11::basic_string<char, std::char_traits<char>, std::allocator<char> >, std::allocator<std::__cxx11::basic_string<char, std::char_traits<char>, std::allocator<char> > > > > (Utility.h:54)
|                     ->03.59% (567,007B) 0x18A0F6: FileLines2::FileLines2(std::basic_string_view<char, std::char_traits<char> >, char, bool) (???:15)
|                       ->03.59% (567,007B) 0x12F93E: TaskBuilder::run() (client_src/TaskBuilder.cpp:24)
|                         ->03.59% (567,007B) 0x193DD6: operator() (common/ThreadPoolBase.cpp:69)
|                           ->03.59% (567,007B) 0x193DD6: __invoke_impl<void, (lambda at common/ThreadPoolBase.cpp:55:25)> (invoke.h:61)
|                             ->03.59% (567,007B) 0x193DD6: __invoke<(lambda at common/ThreadPoolBase.cpp:55:25)> (invoke.h:96)
|                               ->03.59% (567,007B) 0x193DD6: _M_invoke<0UL> (std_thread.h:301)
|                                 ->03.59% (567,007B) 0x193DD6: operator() (std_thread.h:308)
|                                   ->03.59% (567,007B) 0x193DD6: std::thread::_State_impl<std::thread::_Invoker<std::tuple<ThreadPoolBase::createThread()::$_0> > >::_M_run() (std_thread.h:253)
|                                     ->03.59% (567,007B) 0x4F16323: ??? (in /usr/lib/x86_64-linux-gnu/libstdc++.so.6.0.34)
|                                       ->03.59% (567,007B) 0x52777F0: start_thread (pthread_create.c:448)
|                                         ->03.59% (567,007B) 0x5308943: clone (clone.S:100)
|                                           
->01.31% (207,030B) in 62 places, all below massif's threshold (1.00%)
  
--------------------------------------------------------------------------------
  n        time(i)         total(B)   useful-heap(B) extra-heap(B)    stacks(B)
--------------------------------------------------------------------------------
 64 30,393,117,736       15,831,120       15,788,045        43,075            0
 65 30,728,181,089       15,847,096       15,803,270        43,826            0
 66 31,063,244,213       15,847,128       15,803,270        43,858            0
 67 31,398,307,220       15,862,728       15,818,061        44,667            0
 68 31,733,370,206       15,878,184       15,832,654        45,530            0
